[2019-05-23 20:03:50]-------------!开始运行!--------------
[2019-05-23 20:03:50]凉糕对战平台（LGVS）服务端启动器
[2019-05-23 20:03:50]五子棋服务端
[2019-05-23 20:03:50]加载配置文件...
[2019-05-23 20:03:50]启用五子棋服务器...
[2019-05-23 20:06:43]-------------!开始运行!--------------
[2019-05-23 20:06:43]凉糕对战平台（LGVS）服务端启动器
[2019-05-23 20:06:43]五子棋服务端
[2019-05-23 20:06:43]加载配置文件...
[2019-05-23 20:06:43]启用五子棋服务器...
[2019-05-23 21:40:40]-------------!开始运行!--------------
[2019-05-23 21:40:40]凉糕对战平台（LGVS）服务端启动器
[2019-05-23 21:40:40]五子棋服务端
[2019-05-23 21:40:40]加载配置文件...
[2019-05-23 21:40:40]启用五子棋服务器...
[2019-05-23 21:45:06]-------------!开始运行!--------------
[2019-05-23 21:45:06]凉糕对战平台（LGVS）服务端启动器
[2019-05-23 21:45:06]五子棋服务端
[2019-05-23 21:45:06]加载配置文件...
[2019-05-23 21:45:06]启用五子棋服务器...
[2019-05-23 21:52:38]-------------!开始运行!--------------
[2019-05-23 21:52:38]凉糕对战平台（LGVS）服务端启动器
[2019-05-23 21:52:38]五子棋服务端
[2019-05-23 21:52:39]加载配置文件...
[2019-05-23 21:52:39]启用五子棋服务器...
[2019-05-23 22:00:25]-------------!开始运行!--------------
[2019-05-23 22:00:25]凉糕对战平台（LGVS）服务端启动器
[2019-05-23 22:00:25]五子棋服务端
[2019-05-23 22:00:25]加载配置文件...
[2019-05-23 22:00:25]启用五子棋服务器...
[2019-05-24 00:42:11]-------------!开始运行!--------------
[2019-05-24 00:42:11]凉糕对战平台（LGVS）服务端启动器
[2019-05-24 00:42:11]五子棋服务端
[2019-05-24 00:42:11]加载配置文件...
[2019-05-24 00:42:11]启用五子棋服务器...
[2019-05-24 00:44:23]-------------!开始运行!--------------
[2019-05-24 00:44:23]凉糕对战平台（LGVS）服务端启动器
[2019-05-24 00:44:23]五子棋服务端
[2019-05-24 00:44:23]加载配置文件...
[2019-05-24 00:44:23]启用五子棋服务器...
[2019-05-24 00:45:02]-------------!开始运行!--------------
[2019-05-24 00:45:02]凉糕对战平台（LGVS）服务端启动器
[2019-05-24 00:45:02]五子棋服务端
[2019-05-24 00:45:02]加载配置文件...
[2019-05-24 00:45:02]启用五子棋服务器...
[2019-05-24 00:47:44]-------------!开始运行!--------------
[2019-05-24 00:47:44]凉糕对战平台（LGVS）服务端启动器
[2019-05-24 00:47:44]五子棋服务端
[2019-05-24 00:47:44]加载配置文件...
[2019-05-24 00:47:44]启用五子棋服务器...
[2019-05-24 00:48:17]-------------!开始运行!--------------
[2019-05-24 00:48:17]凉糕对战平台（LGVS）服务端启动器
[2019-05-24 00:48:17]五子棋服务端
[2019-05-24 00:48:17]加载配置文件...
[2019-05-24 00:48:17]启用五子棋服务器...
[2019-05-24 00:49:53]-------------!开始运行!--------------
[2019-05-24 00:49:53]凉糕对战平台（LGVS）服务端启动器
[2019-05-24 00:49:53]五子棋服务端
[2019-05-24 00:49:53]加载配置文件...
[2019-05-24 00:49:53]启用五子棋服务器...
[2019-05-24 00:50:39]-------------!开始运行!--------------
[2019-05-24 00:50:39]凉糕对战平台（LGVS）服务端启动器
[2019-05-24 00:50:39]五子棋服务端
[2019-05-24 00:50:39]加载配置文件...
[2019-05-24 00:50:39]启用五子棋服务器...
[2019-05-24 00:51:22]-------------!开始运行!--------------
[2019-05-24 00:51:22]凉糕对战平台（LGVS）服务端启动器
[2019-05-24 00:51:22]五子棋服务端
[2019-05-24 00:51:22]加载配置文件...
[2019-05-24 00:51:22]启用五子棋服务器...
[2019-05-24 00:52:29]-------------!开始运行!--------------
[2019-05-24 00:52:29]凉糕对战平台（LGVS）服务端启动器
[2019-05-24 00:52:29]五子棋服务端
[2019-05-24 00:52:29]加载配置文件...
[2019-05-24 00:52:29]启用五子棋服务器...
[2019-05-24 00:54:17]-------------!开始运行!--------------
[2019-05-24 00:54:17]凉糕对战平台（LGVS）服务端启动器
[2019-05-24 00:54:17]五子棋服务端
[2019-05-24 00:54:17]加载配置文件...
[2019-05-24 00:54:17]启用五子棋服务器...
[2019-05-24 00:54:32]-------------!开始运行!--------------
[2019-05-24 00:54:32]凉糕对战平台（LGVS）服务端启动器
[2019-05-24 00:54:32]五子棋服务端
[2019-05-24 00:54:32]加载配置文件...
[2019-05-24 00:54:32]启用五子棋服务器...
[2019-05-24 00:55:34]-------------!开始运行!--------------
[2019-05-24 00:55:34]凉糕对战平台（LGVS）服务端启动器
[2019-05-24 00:55:34]五子棋服务端
[2019-05-24 00:55:34]加载配置文件...
[2019-05-24 00:55:34]启用五子棋服务器...
[2019-05-24 00:57:12]-------------!开始运行!--------------
[2019-05-24 00:57:12]凉糕对战平台（LGVS）服务端启动器
[2019-05-24 00:57:12]五子棋服务端
[2019-05-24 00:57:12]加载配置文件...
[2019-05-24 00:57:12]启用五子棋服务器...
[2019-05-24 00:57:56]-------------!开始运行!--------------
[2019-05-24 00:57:56]凉糕对战平台（LGVS）服务端启动器
[2019-05-24 00:57:56]五子棋服务端
[2019-05-24 00:57:56]加载配置文件...
[2019-05-24 00:57:56]启用五子棋服务器...
[2019-05-24 00:59:32]-------------!开始运行!--------------
[2019-05-24 00:59:32]凉糕对战平台（LGVS）服务端启动器
[2019-05-24 00:59:32]五子棋服务端
[2019-05-24 00:59:32]加载配置文件...
[2019-05-24 00:59:32]启用五子棋服务器...
[2019-05-24 01:00:27]-------------!开始运行!--------------
[2019-05-24 01:00:27]凉糕对战平台（LGVS）服务端启动器
[2019-05-24 01:00:27]五子棋服务端
[2019-05-24 01:00:27]加载配置文件...
[2019-05-24 01:00:27]启用五子棋服务器...
[2019-05-24 01:01:53]-------------!开始运行!--------------
[2019-05-24 01:01:53]凉糕对战平台（LGVS）服务端启动器
[2019-05-24 01:01:53]五子棋服务端
[2019-05-24 01:01:53]加载配置文件...
[2019-05-24 01:01:53]启用五子棋服务器...
[2019-05-24 01:02:03]-------------!开始运行!--------------
[2019-05-24 01:02:03]凉糕对战平台（LGVS）服务端启动器
[2019-05-24 01:02:03]五子棋服务端
[2019-05-24 01:02:03]加载配置文件...
[2019-05-24 01:02:03]启用五子棋服务器...
[2019-05-24 01:02:35]-------------!开始运行!--------------
[2019-05-24 01:02:35]凉糕对战平台（LGVS）服务端启动器
[2019-05-24 01:02:35]五子棋服务端
[2019-05-24 01:02:35]加载配置文件...
[2019-05-24 01:02:35]启用五子棋服务器...
[2019-05-24 01:04:08]-------------!开始运行!--------------
[2019-05-24 01:04:08]凉糕对战平台（LGVS）服务端启动器
[2019-05-24 01:04:08]五子棋服务端
[2019-05-24 01:04:08]加载配置文件...
[2019-05-24 01:04:08]启用五子棋服务器...
[2019-05-24 01:06:44]-------------!开始运行!--------------
[2019-05-24 01:06:44]凉糕对战平台（LGVS）服务端启动器
[2019-05-24 01:06:44]五子棋服务端
[2019-05-24 01:06:44]加载配置文件...
[2019-05-24 01:06:44]启用五子棋服务器...
[2019-05-24 01:09:12]-------------!开始运行!--------------
[2019-05-24 01:09:12]凉糕对战平台（LGVS）服务端启动器
[2019-05-24 01:09:12]五子棋服务端
[2019-05-24 01:09:12]加载配置文件...
[2019-05-24 01:09:12]启用五子棋服务器...
[2019-05-24 01:09:59]-------------!开始运行!--------------
[2019-05-24 01:09:59]凉糕对战平台（LGVS）服务端启动器
[2019-05-24 01:09:59]五子棋服务端
[2019-05-24 01:09:59]加载配置文件...
[2019-05-24 01:09:59]启用五子棋服务器...
[2019-05-24 01:11:17]-------------!开始运行!--------------
[2019-05-24 01:11:17]凉糕对战平台（LGVS）服务端启动器
[2019-05-24 01:11:17]五子棋服务端
[2019-05-24 01:11:17]加载配置文件...
[2019-05-24 01:11:17]启用五子棋服务器...
[2019-05-24 01:11:47]-------------!开始运行!--------------
[2019-05-24 01:11:47]凉糕对战平台（LGVS）服务端启动器
[2019-05-24 01:11:47]五子棋服务端
[2019-05-24 01:11:47]加载配置文件...
[2019-05-24 01:11:47]启用五子棋服务器...
[2019-05-24 01:13:15]-------------!开始运行!--------------
[2019-05-24 01:13:15]凉糕对战平台（LGVS）服务端启动器
[2019-05-24 01:13:15]五子棋服务端
[2019-05-24 01:13:15]加载配置文件...
[2019-05-24 01:13:15]启用五子棋服务器...
[2019-05-24 01:17:39]-------------!开始运行!--------------
[2019-05-24 01:17:39]凉糕对战平台（LGVS）服务端启动器
[2019-05-24 01:17:39]五子棋服务端
[2019-05-24 01:17:39]加载配置文件...
[2019-05-24 01:17:39]启用五子棋服务器...
[2019-05-24 01:21:57]-------------!开始运行!--------------
[2019-05-24 01:21:57]凉糕对战平台（LGVS）服务端启动器
[2019-05-24 01:21:57]五子棋服务端
[2019-05-24 01:21:57]加载配置文件...
[2019-05-24 01:21:57]启用五子棋服务器...
[2019-05-24 01:26:36]-------------!开始运行!--------------
[2019-05-24 01:26:36]凉糕对战平台（LGVS）服务端启动器
[2019-05-24 01:26:36]五子棋服务端
[2019-05-24 01:26:36]加载配置文件...
[2019-05-24 01:26:36]启用五子棋服务器...
[2019-05-24 01:28:04]-------------!开始运行!--------------
[2019-05-24 01:28:04]凉糕对战平台（LGVS）服务端启动器
[2019-05-24 01:28:04]五子棋服务端
[2019-05-24 01:28:04]加载配置文件...
[2019-05-24 01:28:04]启用五子棋服务器...
[2019-05-24 01:28:26]-------------!开始运行!--------------
[2019-05-24 01:28:26]凉糕对战平台（LGVS）服务端启动器
[2019-05-24 01:28:26]五子棋服务端
[2019-05-24 01:28:26]加载配置文件...
[2019-05-24 01:28:26]启用五子棋服务器...
[2019-05-24 01:30:24]-------------!开始运行!--------------
[2019-05-24 01:30:24]凉糕对战平台（LGVS）服务端启动器
[2019-05-24 01:30:24]五子棋服务端
[2019-05-24 01:30:24]加载配置文件...
[2019-05-24 01:30:24]启用五子棋服务器...
[2019-05-24 01:30:48]-------------!开始运行!--------------
[2019-05-24 01:30:48]凉糕对战平台（LGVS）服务端启动器
[2019-05-24 01:30:48]五子棋服务端
[2019-05-24 01:30:48]加载配置文件...
[2019-05-24 01:30:48]启用五子棋服务器...
[2019-05-24 01:31:42]-------------!开始运行!--------------
[2019-05-24 01:31:42]凉糕对战平台（LGVS）服务端启动器
[2019-05-24 01:31:42]五子棋服务端
[2019-05-24 01:31:42]加载配置文件...
[2019-05-24 01:31:42]启用五子棋服务器...
[2019-05-24 01:33:15]-------------!开始运行!--------------
[2019-05-24 01:33:15]凉糕对战平台（LGVS）服务端启动器
[2019-05-24 01:33:15]五子棋服务端
[2019-05-24 01:33:15]加载配置文件...
[2019-05-24 01:33:15]启用五子棋服务器...
[2019-05-24 01:38:32]-------------!开始运行!--------------
[2019-05-24 01:38:32]凉糕对战平台（LGVS）服务端启动器
[2019-05-24 01:38:32]五子棋服务端
[2019-05-24 01:38:32]加载配置文件...
[2019-05-24 01:38:32]启用五子棋服务器...
[2019-05-24 01:39:10]-------------!开始运行!--------------
[2019-05-24 01:39:10]凉糕对战平台（LGVS）服务端启动器
[2019-05-24 01:39:10]五子棋服务端
[2019-05-24 01:39:10]加载配置文件...
[2019-05-24 01:39:10]启用五子棋服务器...
