[2019-05-01 14:41:17]-------------!开始运行!--------------
[2019-05-01 14:41:17]凉糕对战平台（LGVS）服务端启动器
[2019-05-01 14:41:17]凉糕对战平台（LGVS）大厅服务端
[2019-05-01 14:41:17]加载配置文件...
[2019-05-01 14:41:17]连接到数据库...
[2019-05-01 14:41:18]启用大厅服务器...
[2019-05-01 14:41:18]开始监听10099端口...
[2019-05-01 14:41:18]等待用户连接中...
[2019-05-01 14:41:36]-------------!开始运行!--------------
[2019-05-01 14:41:36]凉糕对战平台（LGVS）服务端启动器
[2019-05-01 14:41:36]凉糕对战平台（LGVS）大厅服务端
[2019-05-01 14:41:36]加载配置文件...
[2019-05-01 14:41:36]连接到数据库...
[2019-05-01 14:41:37]启用大厅服务器...
[2019-05-01 14:41:37]开始监听10099端口...
[2019-05-01 14:41:37]等待用户连接中...
[2019-05-01 14:41:37]等待用户连接中...
[2019-05-01 14:41:37]等待用户连接中...
[2019-05-01 14:41:37]等待用户连接中...
[2019-05-01 14:41:37]等待用户连接中...
[2019-05-01 14:41:37]等待用户连接中...
[2019-05-01 14:41:37]等待用户连接中...
[2019-05-01 14:41:37]等待用户连接中...
[2019-05-01 14:41:37]等待用户连接中...
[2019-05-01 14:41:37]等待用户连接中...
[2019-05-01 14:41:37]等待用户连接中...
[2019-05-01 14:41:37]等待用户连接中...
[2019-05-01 14:41:37]等待用户连接中...
[2019-05-01 14:41:37]等待用户连接中...
[2019-05-01 14:41:37]等待用户连接中...
[2019-05-01 14:41:37]等待用户连接中...
[2019-05-01 14:41:37]等待用户连接中...
[2019-05-01 14:41:37]等待用户连接中...
[2019-05-01 14:41:37]等待用户连接中...
[2019-05-01 14:41:37]等待用户连接中...
[2019-05-01 14:41:37]等待用户连接中...
[2019-05-01 14:41:37]等待用户连接中...
[2019-05-01 14:41:37]等待用户连接中...
[2019-05-01 14:41:37]等待用户连接中...
[2019-05-01 14:41:37]等待用户连接中...
[2019-05-01 14:41:37]等待用户连接中...
[2019-05-01 14:41:37]等待用户连接中...
[2019-05-01 14:41:37]等待用户连接中...
[2019-05-01 14:41:37]等待用户连接中...
[2019-05-01 14:41:37]等待用户连接中...
[2019-05-01 14:41:37]等待用户连接中...
[2019-05-01 14:41:37]等待用户连接中...
[2019-05-01 14:41:37]等待用户连接中...
[2019-05-01 14:41:37]等待用户连接中...
[2019-05-01 14:41:37]等待用户连接中...
[2019-05-01 14:41:37]等待用户连接中...
[2019-05-01 14:41:37]等待用户连接中...
[2019-05-01 14:41:37]等待用户连接中...
[2019-05-01 14:41:37]等待用户连接中...
[2019-05-01 14:41:37]等待用户连接中...
[2019-05-01 14:41:37]等待用户连接中...
[2019-05-01 14:41:37]等待用户连接中...
[2019-05-01 14:41:37]等待用户连接中...
[2019-05-01 14:41:37]等待用户连接中...
[2019-05-01 14:41:37]等待用户连接中...
[2019-05-01 14:41:37]等待用户连接中...
[2019-05-01 14:41:37]等待用户连接中...
[2019-05-01 14:41:37]等待用户连接中...
[2019-05-01 14:41:37]等待用户连接中...
[2019-05-01 14:41:37]等待用户连接中...
[2019-05-01 14:41:37]等待用户连接中...
[2019-05-01 14:41:37]等待用户连接中...
[2019-05-01 14:41:37]等待用户连接中...
[2019-05-01 14:41:37]等待用户连接中...
[2019-05-01 14:41:37]等待用户连接中...
[2019-05-01 14:41:37]等待用户连接中...
[2019-05-01 14:41:37]等待用户连接中...
[2019-05-01 14:41:37]等待用户连接中...
[2019-05-01 14:41:37]等待用户连接中...
[2019-05-01 14:41:37]等待用户连接中...
[2019-05-01 14:41:37]等待用户连接中...
[2019-05-01 14:41:37]等待用户连接中...
[2019-05-01 14:41:37]等待用户连接中...
[2019-05-01 14:41:37]等待用户连接中...
[2019-05-01 14:41:37]等待用户连接中...
[2019-05-01 14:41:37]等待用户连接中...
[2019-05-01 14:41:37]等待用户连接中...
[2019-05-01 14:41:37]等待用户连接中...
[2019-05-01 14:41:37]等待用户连接中...
[2019-05-01 14:41:37]等待用户连接中...
[2019-05-01 14:41:37]等待用户连接中...
[2019-05-01 14:41:37]等待用户连接中...
[2019-05-01 14:41:37]等待用户连接中...
[2019-05-01 14:41:37]等待用户连接中...
[2019-05-01 14:41:37]等待用户连接中...
[2019-05-01 14:41:37]等待用户连接中...
[2019-05-01 14:41:37]等待用户连接中...
[2019-05-01 14:41:37]等待用户连接中...
[2019-05-01 14:41:37]等待用户连接中...
[2019-05-01 14:41:37]等待用户连接中...
[2019-05-01 14:41:37]等待用户连接中...
[2019-05-01 14:41:37]等待用户连接中...
[2019-05-01 14:41:37]等待用户连接中...
[2019-05-01 14:41:37]等待用户连接中...
[2019-05-01 14:41:37]等待用户连接中...
[2019-05-01 14:41:37]等待用户连接中...
[2019-05-01 14:41:37]等待用户连接中...
[2019-05-01 14:41:37]等待用户连接中...
[2019-05-01 14:41:37]等待用户连接中...
[2019-05-01 14:41:37]等待用户连接中...
[2019-05-01 14:41:37]等待用户连接中...
[2019-05-01 14:41:37]等待用户连接中...
[2019-05-01 14:41:37]等待用户连接中...
[2019-05-01 14:41:37]等待用户连接中...
[2019-05-01 14:41:37]等待用户连接中...
[2019-05-01 14:41:37]等待用户连接中...
[2019-05-01 14:41:37]等待用户连接中...
[2019-05-01 14:41:37]等待用户连接中...
[2019-05-01 14:41:37]等待用户连接中...
[2019-05-01 14:41:37]等待用户连接中...
[2019-05-01 14:41:37]等待用户连接中...
[2019-05-01 14:41:37]等待用户连接中...
[2019-05-01 14:41:37]等待用户连接中...
[2019-05-01 14:41:37]等待用户连接中...
[2019-05-01 14:41:37]等待用户连接中...
[2019-05-01 14:41:37]等待用户连接中...
[2019-05-01 14:41:37]等待用户连接中...
[2019-05-01 14:41:37]等待用户连接中...
[2019-05-01 14:41:37]等待用户连接中...
[2019-05-01 14:41:37]等待用户连接中...
[2019-05-01 14:41:37]等待用户连接中...
[2019-05-01 14:41:37]等待用户连接中...
[2019-05-01 14:41:37]等待用户连接中...
[2019-05-01 14:41:37]等待用户连接中...
[2019-05-01 14:41:37]等待用户连接中...
[2019-05-01 14:41:37]等待用户连接中...
[2019-05-01 14:41:37]等待用户连接中...
[2019-05-01 14:41:37]等待用户连接中...
[2019-05-01 14:41:37]等待用户连接中...
[2019-05-01 14:41:37]等待用户连接中...
[2019-05-01 14:41:37]等待用户连接中...
[2019-05-01 14:41:37]等待用户连接中...
[2019-05-01 14:41:37]等待用户连接中...
[2019-05-01 14:41:37]等待用户连接中...
[2019-05-01 14:41:37]等待用户连接中...
[2019-05-01 14:41:37]等待用户连接中...
[2019-05-01 14:41:37]等待用户连接中...
[2019-05-01 14:41:37]等待用户连接中...
[2019-05-01 14:41:37]等待用户连接中...
[2019-05-01 14:41:37]等待用户连接中...
[2019-05-01 14:41:37]等待用户连接中...
[2019-05-01 14:41:37]等待用户连接中...
[2019-05-01 14:41:37]等待用户连接中...
[2019-05-01 14:41:37]等待用户连接中...
[2019-05-01 14:41:37]等待用户连接中...
[2019-05-01 14:41:37]等待用户连接中...
[2019-05-01 14:41:37]等待用户连接中...
[2019-05-01 14:41:37]等待用户连接中...
[2019-05-01 14:41:37]等待用户连接中...
[2019-05-01 14:41:37]等待用户连接中...
[2019-05-01 14:41:37]等待用户连接中...
[2019-05-01 14:41:37]等待用户连接中...
[2019-05-01 14:41:37]等待用户连接中...
[2019-05-01 14:41:37]等待用户连接中...
[2019-05-01 14:41:37]等待用户连接中...
[2019-05-01 14:41:37]等待用户连接中...
[2019-05-01 14:41:37]等待用户连接中...
[2019-05-01 14:41:37]等待用户连接中...
[2019-05-01 14:41:37]等待用户连接中...
[2019-05-01 14:41:37]等待用户连接中...
[2019-05-01 14:41:37]等待用户连接中...
[2019-05-01 14:41:37]等待用户连接中...
[2019-05-01 14:41:37]等待用户连接中...
[2019-05-01 14:41:37]等待用户连接中...
[2019-05-01 14:41:37]等待用户连接中...
[2019-05-01 14:41:37]等待用户连接中...
[2019-05-01 14:41:37]等待用户连接中...
[2019-05-01 14:41:37]等待用户连接中...
[2019-05-01 14:41:37]等待用户连接中...
[2019-05-01 14:41:37]等待用户连接中...
[2019-05-01 14:41:37]等待用户连接中...
[2019-05-01 14:41:37]等待用户连接中...
[2019-05-01 14:41:37]等待用户连接中...
[2019-05-01 14:41:37]等待用户连接中...
[2019-05-01 14:41:37]等待用户连接中...
[2019-05-01 14:41:37]等待用户连接中...
[2019-05-01 14:41:37]等待用户连接中...
[2019-05-01 14:41:37]等待用户连接中...
[2019-05-01 14:41:37]等待用户连接中...
[2019-05-01 14:41:37]等待用户连接中...
[2019-05-01 14:41:37]等待用户连接中...
[2019-05-01 14:41:37]等待用户连接中...
[2019-05-01 14:41:37]等待用户连接中...
[2019-05-01 14:41:37]等待用户连接中...
[2019-05-01 14:41:37]等待用户连接中...
[2019-05-01 14:41:37]等待用户连接中...
[2019-05-01 14:41:37]等待用户连接中...
[2019-05-01 14:41:37]等待用户连接中...
[2019-05-01 14:41:37]等待用户连接中...
[2019-05-01 14:41:37]等待用户连接中...
[2019-05-01 14:41:37]等待用户连接中...
[2019-05-01 14:41:37]等待用户连接中...
[2019-05-01 14:41:37]等待用户连接中...
[2019-05-01 14:41:37]等待用户连接中...
[2019-05-01 14:41:37]等待用户连接中...
[2019-05-01 14:41:37]等待用户连接中...
[2019-05-01 14:41:37]等待用户连接中...
[2019-05-01 14:41:37]等待用户连接中...
[2019-05-01 14:41:37]等待用户连接中...
[2019-05-01 14:41:37]等待用户连接中...
[2019-05-01 14:41:37]等待用户连接中...
[2019-05-01 14:41:37]等待用户连接中...
[2019-05-01 14:41:37]等待用户连接中...
[2019-05-01 14:41:37]等待用户连接中...
[2019-05-01 14:41:37]等待用户连接中...
[2019-05-01 14:41:37]等待用户连接中...
[2019-05-01 14:41:37]等待用户连接中...
[2019-05-01 14:41:37]等待用户连接中...
[2019-05-01 14:41:37]等待用户连接中...
[2019-05-01 14:41:37]等待用户连接中...
[2019-05-01 14:41:37]等待用户连接中...
[2019-05-01 14:41:37]等待用户连接中...
[2019-05-01 14:41:37]等待用户连接中...
[2019-05-01 14:41:37]等待用户连接中...
[2019-05-01 14:41:37]等待用户连接中...
[2019-05-01 14:41:37]等待用户连接中...
[2019-05-01 14:41:37]等待用户连接中...
[2019-05-01 14:41:37]等待用户连接中...
[2019-05-01 14:41:37]等待用户连接中...
[2019-05-01 14:41:37]等待用户连接中...
[2019-05-01 14:41:37]等待用户连接中...
[2019-05-01 14:41:37]等待用户连接中...
[2019-05-01 14:41:37]等待用户连接中...
[2019-05-01 14:41:37]等待用户连接中...
[2019-05-01 14:41:37]等待用户连接中...
[2019-05-01 14:41:37]等待用户连接中...
[2019-05-01 14:41:37]等待用户连接中...
[2019-05-01 14:41:37]等待用户连接中...
[2019-05-01 14:41:37]等待用户连接中...
[2019-05-01 14:41:37]等待用户连接中...
[2019-05-01 14:41:37]等待用户连接中...
[2019-05-01 14:41:37]等待用户连接中...
[2019-05-01 14:41:37]等待用户连接中...
[2019-05-01 14:41:37]等待用户连接中...
[2019-05-01 14:41:37]等待用户连接中...
[2019-05-01 14:41:37]等待用户连接中...
[2019-05-01 14:41:37]等待用户连接中...
[2019-05-01 14:41:37]等待用户连接中...
[2019-05-01 14:41:37]等待用户连接中...
[2019-05-01 14:41:37]等待用户连接中...
[2019-05-01 14:41:37]等待用户连接中...
[2019-05-01 14:41:37]等待用户连接中...
[2019-05-01 14:41:37]等待用户连接中...
[2019-05-01 14:41:37]等待用户连接中...
[2019-05-01 14:41:37]等待用户连接中...
[2019-05-01 14:41:37]等待用户连接中...
[2019-05-01 14:41:37]等待用户连接中...
[2019-05-01 14:41:37]等待用户连接中...
[2019-05-01 14:41:37]等待用户连接中...
[2019-05-01 14:41:37]等待用户连接中...
[2019-05-01 14:41:37]等待用户连接中...
[2019-05-01 14:41:37]等待用户连接中...
[2019-05-01 14:41:37]等待用户连接中...
[2019-05-01 14:41:37]等待用户连接中...
[2019-05-01 14:41:37]等待用户连接中...
[2019-05-01 14:41:37]等待用户连接中...
[2019-05-01 14:41:37]等待用户连接中...
[2019-05-01 14:41:37]等待用户连接中...
[2019-05-01 14:41:37]等待用户连接中...
[2019-05-01 14:41:37]等待用户连接中...
[2019-05-01 14:41:37]等待用户连接中...
[2019-05-01 14:41:37]等待用户连接中...
[2019-05-01 14:41:37]等待用户连接中...
[2019-05-01 14:41:37]等待用户连接中...
[2019-05-01 14:41:37]等待用户连接中...
[2019-05-01 14:41:37]等待用户连接中...
[2019-05-01 14:41:37]等待用户连接中...
[2019-05-01 14:41:37]等待用户连接中...
[2019-05-01 14:41:37]等待用户连接中...
[2019-05-01 14:41:37]等待用户连接中...
[2019-05-01 14:41:37]等待用户连接中...
[2019-05-01 14:41:37]等待用户连接中...
[2019-05-01 14:41:37]等待用户连接中...
[2019-05-01 14:41:37]等待用户连接中...
[2019-05-01 14:41:37]等待用户连接中...
[2019-05-01 14:41:37]等待用户连接中...
[2019-05-01 14:41:37]等待用户连接中...
[2019-05-01 14:41:37]等待用户连接中...
[2019-05-01 14:41:37]等待用户连接中...
[2019-05-01 14:41:37]等待用户连接中...
[2019-05-01 14:41:37]等待用户连接中...
[2019-05-01 14:41:37]等待用户连接中...
[2019-05-01 14:41:37]等待用户连接中...
[2019-05-01 14:41:37]等待用户连接中...
[2019-05-01 14:41:37]等待用户连接中...
[2019-05-01 14:41:37]等待用户连接中...
[2019-05-01 14:41:37]等待用户连接中...
[2019-05-01 14:41:37]等待用户连接中...
[2019-05-01 14:41:37]等待用户连接中...
[2019-05-01 14:41:37]等待用户连接中...
[2019-05-01 14:41:37]等待用户连接中...
[2019-05-01 14:41:37]等待用户连接中...
[2019-05-01 14:41:37]等待用户连接中...
[2019-05-01 14:41:37]等待用户连接中...
[2019-05-01 14:41:37]等待用户连接中...
[2019-05-01 14:41:37]等待用户连接中...
[2019-05-01 14:41:37]等待用户连接中...
[2019-05-01 14:41:37]等待用户连接中...
[2019-05-01 14:41:37]等待用户连接中...
[2019-05-01 14:41:37]等待用户连接中...
[2019-05-01 14:41:37]等待用户连接中...
[2019-05-01 14:41:37]等待用户连接中...
[2019-05-01 14:41:37]等待用户连接中...
[2019-05-01 14:41:37]等待用户连接中...
[2019-05-01 14:41:37]等待用户连接中...
[2019-05-01 14:41:37]等待用户连接中...
[2019-05-01 14:41:37]等待用户连接中...
[2019-05-01 14:41:37]等待用户连接中...
[2019-05-01 14:41:37]等待用户连接中...
[2019-05-01 14:41:37]等待用户连接中...
[2019-05-01 14:41:37]等待用户连接中...
[2019-05-01 14:41:37]等待用户连接中...
[2019-05-01 14:41:37]等待用户连接中...
[2019-05-01 14:41:37]等待用户连接中...
[2019-05-01 14:41:37]等待用户连接中...
[2019-05-01 14:41:37]等待用户连接中...
[2019-05-01 14:41:37]等待用户连接中...
[2019-05-01 14:41:37]等待用户连接中...
[2019-05-01 14:41:37]等待用户连接中...
[2019-05-01 14:41:37]等待用户连接中...
[2019-05-01 14:41:37]等待用户连接中...
[2019-05-01 14:41:37]等待用户连接中...
[2019-05-01 14:41:37]等待用户连接中...
[2019-05-01 14:41:37]等待用户连接中...
[2019-05-01 14:41:37]等待用户连接中...
[2019-05-01 14:41:38]等待用户连接中...
[2019-05-01 14:41:38]等待用户连接中...
[2019-05-01 14:41:38]等待用户连接中...
[2019-05-01 14:41:38]等待用户连接中...
[2019-05-01 14:41:38]等待用户连接中...
[2019-05-01 14:41:38]等待用户连接中...
[2019-05-01 14:41:38]等待用户连接中...
[2019-05-01 14:41:38]等待用户连接中...
[2019-05-01 14:41:38]等待用户连接中...
[2019-05-01 14:41:38]等待用户连接中...
[2019-05-01 14:41:38]等待用户连接中...
[2019-05-01 14:41:38]等待用户连接中...
[2019-05-01 14:41:38]等待用户连接中...
[2019-05-01 14:41:38]等待用户连接中...
[2019-05-01 14:41:38]等待用户连接中...
[2019-05-01 14:41:38]等待用户连接中...
[2019-05-01 14:41:38]等待用户连接中...
[2019-05-01 14:41:38]等待用户连接中...
[2019-05-01 14:41:38]等待用户连接中...
[2019-05-01 14:41:38]等待用户连接中...
[2019-05-01 14:41:38]等待用户连接中...
[2019-05-01 14:41:38]等待用户连接中...
[2019-05-01 14:41:38]等待用户连接中...
[2019-05-01 14:41:38]等待用户连接中...
[2019-05-01 14:41:38]等待用户连接中...
[2019-05-01 14:41:38]等待用户连接中...
[2019-05-01 14:41:38]等待用户连接中...
[2019-05-01 14:41:38]等待用户连接中...
[2019-05-01 14:41:38]等待用户连接中...
[2019-05-01 14:41:38]等待用户连接中...
[2019-05-01 14:41:38]等待用户连接中...
[2019-05-01 14:41:38]等待用户连接中...
[2019-05-01 14:41:38]等待用户连接中...
[2019-05-01 14:41:38]等待用户连接中...
[2019-05-01 14:41:38]等待用户连接中...
[2019-05-01 14:41:38]等待用户连接中...
[2019-05-01 14:41:38]等待用户连接中...
[2019-05-01 14:41:38]等待用户连接中...
[2019-05-01 14:41:38]等待用户连接中...
[2019-05-01 14:41:38]等待用户连接中...
[2019-05-01 14:41:38]等待用户连接中...
[2019-05-01 14:41:38]等待用户连接中...
[2019-05-01 14:41:38]等待用户连接中...
[2019-05-01 14:41:38]等待用户连接中...
[2019-05-01 14:41:38]等待用户连接中...
[2019-05-01 14:41:38]等待用户连接中...
[2019-05-01 14:41:38]等待用户连接中...
[2019-05-01 14:41:38]等待用户连接中...
[2019-05-01 14:41:38]等待用户连接中...
[2019-05-01 14:41:38]等待用户连接中...
[2019-05-01 14:41:38]等待用户连接中...
[2019-05-01 14:41:38]等待用户连接中...
[2019-05-01 14:41:38]等待用户连接中...
[2019-05-01 14:41:38]等待用户连接中...
[2019-05-01 14:41:38]等待用户连接中...
[2019-05-01 14:41:38]等待用户连接中...
[2019-05-01 14:41:38]等待用户连接中...
[2019-05-01 14:41:38]等待用户连接中...
[2019-05-01 14:42:30]-------------!开始运行!--------------
[2019-05-01 14:42:30]凉糕对战平台（LGVS）服务端启动器
[2019-05-01 14:42:30]凉糕对战平台（LGVS）大厅服务端
[2019-05-01 14:42:30]加载配置文件...
[2019-05-01 14:42:30]连接到数据库...
[2019-05-01 14:42:31]启用大厅服务器...
[2019-05-01 14:42:31]开始监听10099端口...
[2019-05-01 14:42:31]等待用户连接中...
[2019-05-01 14:46:55]-------------!开始运行!--------------
[2019-05-01 14:46:55]凉糕对战平台（LGVS）服务端启动器
[2019-05-01 14:46:55]凉糕对战平台（LGVS）大厅服务端
[2019-05-01 14:46:55]加载配置文件...
[2019-05-01 14:46:55]连接到数据库...
[2019-05-01 14:46:57]启用大厅服务器...
[2019-05-01 14:46:57]开始监听10099端口...
[2019-05-01 14:46:57]等待用户连接中...
[2019-05-01 14:47:41]-------------!开始运行!--------------
[2019-05-01 14:47:41]凉糕对战平台（LGVS）服务端启动器
[2019-05-01 14:47:41]凉糕对战平台（LGVS）大厅服务端
[2019-05-01 14:47:41]加载配置文件...
[2019-05-01 14:47:41]连接到数据库...
[2019-05-01 14:47:42]启用大厅服务器...
[2019-05-01 14:47:42]开始监听10099端口...
[2019-05-01 14:47:42]等待用户连接中...
[2019-05-01 14:47:50]-------------!开始运行!--------------
[2019-05-01 14:47:50]凉糕对战平台（LGVS）服务端启动器
[2019-05-01 14:47:50]凉糕对战平台（LGVS）大厅服务端
[2019-05-01 14:47:50]加载配置文件...
[2019-05-01 14:47:50]连接到数据库...
[2019-05-01 14:47:52]启用大厅服务器...
[2019-05-01 14:47:52]开始监听10199端口...
[2019-05-01 14:47:52]等待用户连接中...
[2019-05-01 14:48:38]-------------!开始运行!--------------
[2019-05-01 14:48:38]凉糕对战平台（LGVS）服务端启动器
[2019-05-01 14:48:38]凉糕对战平台（LGVS）大厅服务端
[2019-05-01 14:48:38]加载配置文件...
[2019-05-01 14:48:38]连接到数据库...
[2019-05-01 14:48:40]启用大厅服务器...
[2019-05-01 14:48:40]开始监听10199端口...
[2019-05-01 14:48:40]等待用户连接中...
[2019-05-01 14:49:28]-------------!开始运行!--------------
[2019-05-01 14:49:28]凉糕对战平台（LGVS）服务端启动器
[2019-05-01 14:49:28]凉糕对战平台（LGVS）大厅服务端
[2019-05-01 14:49:28]加载配置文件...
[2019-05-01 14:49:28]连接到数据库...
[2019-05-01 14:49:29]启用大厅服务器...
[2019-05-01 14:49:29]开始监听10199端口...
[2019-05-01 14:49:29]等待用户连接中...
[2019-05-01 14:51:50]-------------!开始运行!--------------
[2019-05-01 14:51:50]凉糕对战平台（LGVS）服务端启动器
[2019-05-01 14:51:50]凉糕对战平台（LGVS）大厅服务端
[2019-05-01 14:51:50]加载配置文件...
[2019-05-01 14:51:50]连接到数据库...
[2019-05-01 14:51:51]启用大厅服务器...
[2019-05-01 14:51:51]开始监听10199端口...
[2019-05-01 14:51:51]等待用户连接中...
[2019-05-01 14:53:52]-------------!开始运行!--------------
[2019-05-01 14:53:52]凉糕对战平台（LGVS）服务端启动器
[2019-05-01 14:53:52]凉糕对战平台（LGVS）大厅服务端
[2019-05-01 14:53:52]加载配置文件...
[2019-05-01 14:53:52]连接到数据库...
[2019-05-01 14:53:54]启用大厅服务器...
[2019-05-01 14:53:54]开始监听10199端口...
[2019-05-01 14:53:54]等待用户连接中...
[2019-05-01 14:54:53]-------------!开始运行!--------------
[2019-05-01 14:54:53]凉糕对战平台（LGVS）服务端启动器
[2019-05-01 14:54:53]凉糕对战平台（LGVS）大厅服务端
[2019-05-01 14:54:53]加载配置文件...
[2019-05-01 14:54:53]连接到数据库...
[2019-05-01 14:54:54]启用大厅服务器...
[2019-05-01 14:54:54]开始监听10199端口...
[2019-05-01 14:54:54]等待用户连接中...
[2019-05-01 14:55:06]-------------!开始运行!--------------
[2019-05-01 14:55:06]凉糕对战平台（LGVS）服务端启动器
[2019-05-01 14:55:06]凉糕对战平台（LGVS）大厅服务端
[2019-05-01 14:55:06]加载配置文件...
[2019-05-01 14:55:06]连接到数据库...
[2019-05-01 14:55:07]启用大厅服务器...
[2019-05-01 14:55:07]开始监听10199端口...
[2019-05-01 14:55:07]等待用户连接中...
[2019-05-01 14:55:15]-------------!开始运行!--------------
[2019-05-01 14:55:15]凉糕对战平台（LGVS）服务端启动器
[2019-05-01 14:55:15]凉糕对战平台（LGVS）大厅服务端
[2019-05-01 14:55:15]加载配置文件...
[2019-05-01 14:55:15]连接到数据库...
[2019-05-01 14:55:16]启用大厅服务器...
[2019-05-01 14:55:16]开始监听10199端口...
[2019-05-01 14:55:16]等待用户连接中...
[2019-05-01 14:58:51]-------------!开始运行!--------------
[2019-05-01 14:58:51]凉糕对战平台（LGVS）服务端启动器
[2019-05-01 14:58:51]凉糕对战平台（LGVS）大厅服务端
[2019-05-01 14:58:51]加载配置文件...
[2019-05-01 14:58:51]连接到数据库...
[2019-05-01 14:58:52]启用大厅服务器...
[2019-05-01 14:58:52]开始监听10199端口...
[2019-05-01 14:58:52]等待用户连接中...
[2019-05-01 14:59:11]-------------!开始运行!--------------
[2019-05-01 14:59:11]凉糕对战平台（LGVS）服务端启动器
[2019-05-01 14:59:11]凉糕对战平台（LGVS）大厅服务端
[2019-05-01 14:59:11]加载配置文件...
[2019-05-01 14:59:11]连接到数据库...
[2019-05-01 14:59:12]启用大厅服务器...
[2019-05-01 14:59:12]开始监听10199端口...
[2019-05-01 14:59:12]等待用户连接中...
[2019-05-01 15:01:00]-------------!开始运行!--------------
[2019-05-01 15:01:00]凉糕对战平台（LGVS）服务端启动器
[2019-05-01 15:01:00]凉糕对战平台（LGVS）大厅服务端
[2019-05-01 15:01:00]加载配置文件...
[2019-05-01 15:01:00]连接到数据库...
[2019-05-01 15:01:01]启用大厅服务器...
[2019-05-01 15:01:01]开始监听10199端口...
[2019-05-01 15:01:01]等待用户连接中...
[2019-05-01 15:04:18]-------------!开始运行!--------------
[2019-05-01 15:04:18]凉糕对战平台（LGVS）服务端启动器
[2019-05-01 15:04:18]凉糕对战平台（LGVS）大厅服务端
[2019-05-01 15:04:18]加载配置文件...
[2019-05-01 15:04:18]连接到数据库...
[2019-05-01 15:04:19]启用大厅服务器...
[2019-05-01 15:04:19]开始监听10199端口...
[2019-05-01 15:04:19]等待用户连接中...
[2019-05-01 15:04:51]-------------!开始运行!--------------
[2019-05-01 15:04:51]凉糕对战平台（LGVS）服务端启动器
[2019-05-01 15:04:51]凉糕对战平台（LGVS）大厅服务端
[2019-05-01 15:04:51]加载配置文件...
[2019-05-01 15:04:51]连接到数据库...
[2019-05-01 15:04:52]启用大厅服务器...
[2019-05-01 15:04:52]开始监听10199端口...
[2019-05-01 15:04:52]等待用户连接中...
[2019-05-01 15:05:06]-------------!开始运行!--------------
[2019-05-01 15:05:06]凉糕对战平台（LGVS）服务端启动器
[2019-05-01 15:05:06]凉糕对战平台（LGVS）大厅服务端
[2019-05-01 15:05:06]加载配置文件...
[2019-05-01 15:05:06]连接到数据库...
[2019-05-01 15:05:07]启用大厅服务器...
[2019-05-01 15:05:07]开始监听10199端口...
[2019-05-01 15:05:07]等待用户连接中...
[2019-05-01 15:07:48]-------------!开始运行!--------------
[2019-05-01 15:07:48]凉糕对战平台（LGVS）服务端启动器
[2019-05-01 15:07:48]凉糕对战平台（LGVS）大厅服务端
[2019-05-01 15:07:48]加载配置文件...
[2019-05-01 15:07:48]连接到数据库...
[2019-05-01 15:07:49]启用大厅服务器...
[2019-05-01 15:07:49]开始监听10199端口...
[2019-05-01 15:07:49]等待用户连接中...
[2019-05-01 15:14:34]-------------!开始运行!--------------
[2019-05-01 15:14:34]凉糕对战平台（LGVS）服务端启动器
[2019-05-01 15:14:34]凉糕对战平台（LGVS）大厅服务端
[2019-05-01 15:14:34]加载配置文件...
[2019-05-01 15:14:34]连接到数据库...
[2019-05-01 15:14:35]启用大厅服务器...
[2019-05-01 15:14:35]开始监听10199端口...
[2019-05-01 15:14:35]等待用户连接中...
[2019-05-01 15:21:56]-------------!开始运行!--------------
[2019-05-01 15:21:56]凉糕对战平台（LGVS）服务端启动器
[2019-05-01 15:21:56]凉糕对战平台（LGVS）大厅服务端
[2019-05-01 15:21:56]加载配置文件...
[2019-05-01 15:21:56]连接到数据库...
[2019-05-01 15:21:57]启用大厅服务器...
[2019-05-01 15:21:57]开始监听10199端口...
[2019-05-01 15:21:57]等待用户连接中...
[2019-05-01 15:21:57]等待用户连接中...
[2019-05-01 15:21:59]等待用户连接中...
[2019-05-01 15:22:02]等待用户连接中...
[2019-05-01 15:22:03]等待用户连接中...
[2019-05-01 15:22:03]等待用户连接中...
[2019-05-01 15:22:05]等待用户连接中...
[2019-05-01 15:23:12]-------------!开始运行!--------------
[2019-05-01 15:23:12]凉糕对战平台（LGVS）服务端启动器
[2019-05-01 15:23:12]凉糕对战平台（LGVS）大厅服务端
[2019-05-01 15:23:12]加载配置文件...
[2019-05-01 15:23:12]连接到数据库...
[2019-05-01 15:23:14]启用大厅服务器...
[2019-05-01 15:23:14]开始监听10199端口...
[2019-05-01 15:23:14]等待用户连接中...
[2019-05-01 15:42:06]-------------!开始运行!--------------
[2019-05-01 15:42:06]凉糕对战平台（LGVS）服务端启动器
[2019-05-01 15:42:06]凉糕对战平台（LGVS）大厅服务端
[2019-05-01 15:42:06]加载配置文件...
[2019-05-01 15:42:06]连接到数据库...
[2019-05-01 15:42:07]启用大厅服务器...
[2019-05-01 15:42:07]开始监听10199端口...
[2019-05-01 15:42:07]等待用户连接中...
[2019-05-01 15:42:29]-------------!开始运行!--------------
[2019-05-01 15:42:29]凉糕对战平台（LGVS）服务端启动器
[2019-05-01 15:42:29]凉糕对战平台（LGVS）大厅服务端
[2019-05-01 15:42:29]加载配置文件...
[2019-05-01 15:42:29]连接到数据库...
[2019-05-01 15:42:33]启用大厅服务器...
[2019-05-01 15:42:33]开始监听10199端口...
[2019-05-01 15:42:33]等待用户连接中...
[2019-05-01 15:46:58]-------------!开始运行!--------------
[2019-05-01 15:46:58]凉糕对战平台（LGVS）服务端启动器
[2019-05-01 15:46:58]凉糕对战平台（LGVS）大厅服务端
[2019-05-01 15:46:58]加载配置文件...
[2019-05-01 15:46:58]连接到数据库...
[2019-05-01 15:46:59]启用大厅服务器...
[2019-05-01 15:46:59]开始监听10199端口...
[2019-05-01 15:46:59]等待用户连接中...
[2019-05-01 15:47:51]-------------!开始运行!--------------
[2019-05-01 15:47:51]凉糕对战平台（LGVS）服务端启动器
[2019-05-01 15:47:51]凉糕对战平台（LGVS）大厅服务端
[2019-05-01 15:47:51]加载配置文件...
[2019-05-01 15:47:51]连接到数据库...
[2019-05-01 15:47:53]启用大厅服务器...
[2019-05-01 15:47:53]开始监听10199端口...
[2019-05-01 15:47:53]等待用户连接中...
[2019-05-01 15:48:35]-------------!开始运行!--------------
[2019-05-01 15:48:35]凉糕对战平台（LGVS）服务端启动器
[2019-05-01 15:48:35]凉糕对战平台（LGVS）大厅服务端
[2019-05-01 15:48:35]加载配置文件...
[2019-05-01 15:48:35]连接到数据库...
[2019-05-01 15:48:37]启用大厅服务器...
[2019-05-01 15:48:37]开始监听10199端口...
[2019-05-01 15:48:37]等待用户连接中...
[2019-05-01 15:51:35]-------------!开始运行!--------------
[2019-05-01 15:51:35]凉糕对战平台（LGVS）服务端启动器
[2019-05-01 15:51:35]凉糕对战平台（LGVS）大厅服务端
[2019-05-01 15:51:35]加载配置文件...
[2019-05-01 15:51:35]连接到数据库...
[2019-05-01 15:51:36]启用大厅服务器...
[2019-05-01 15:51:36]开始监听10199端口...
[2019-05-01 15:51:36]等待用户连接中...
[2019-05-01 15:52:04]-------------!开始运行!--------------
[2019-05-01 15:52:04]凉糕对战平台（LGVS）服务端启动器
[2019-05-01 15:52:04]凉糕对战平台（LGVS）大厅服务端
[2019-05-01 15:52:04]加载配置文件...
[2019-05-01 15:52:04]连接到数据库...
[2019-05-01 15:52:05]启用大厅服务器...
[2019-05-01 15:52:05]开始监听10199端口...
[2019-05-01 15:52:05]等待用户连接中...
[2019-05-01 15:52:44]-------------!开始运行!--------------
[2019-05-01 15:52:44]凉糕对战平台（LGVS）服务端启动器
[2019-05-01 15:52:44]凉糕对战平台（LGVS）大厅服务端
[2019-05-01 15:52:44]加载配置文件...
[2019-05-01 15:52:44]连接到数据库...
[2019-05-01 15:52:45]启用大厅服务器...
[2019-05-01 15:52:45]开始监听10199端口...
[2019-05-01 15:52:45]等待用户连接中...
[2019-05-01 15:53:01]-------------!开始运行!--------------
[2019-05-01 15:53:01]凉糕对战平台（LGVS）服务端启动器
[2019-05-01 15:53:01]凉糕对战平台（LGVS）大厅服务端
[2019-05-01 15:53:01]加载配置文件...
[2019-05-01 15:53:01]连接到数据库...
[2019-05-01 15:53:02]启用大厅服务器...
[2019-05-01 15:53:02]开始监听10199端口...
[2019-05-01 15:53:02]等待用户连接中...
[2019-05-01 15:53:07]等待用户连接中...
[2019-05-01 15:53:09]等待用户连接中...
[2019-05-01 15:53:09]等待用户连接中...
[2019-05-01 16:29:14]-------------!开始运行!--------------
[2019-05-01 16:29:14]凉糕对战平台（LGVS）服务端启动器
[2019-05-01 16:29:14]凉糕对战平台（LGVS）大厅服务端
[2019-05-01 16:29:14]加载配置文件...
[2019-05-01 16:29:14]连接到数据库...
[2019-05-01 16:29:25]启用大厅服务器...
[2019-05-01 16:29:25]开始监听10199端口...
[2019-05-01 16:29:25]等待用户连接中...
[2019-05-01 16:29:31]等待用户连接中...
[2019-05-01 16:32:58]-------------!开始运行!--------------
[2019-05-01 16:32:58]凉糕对战平台（LGVS）服务端启动器
[2019-05-01 16:32:58]凉糕对战平台（LGVS）大厅服务端
[2019-05-01 16:32:58]加载配置文件...
[2019-05-01 16:32:58]连接到数据库...
[2019-05-01 16:32:59]启用大厅服务器...
[2019-05-01 16:32:59]开始监听10199端口...
[2019-05-01 16:32:59]等待用户连接中...
[2019-05-01 16:33:07]等待用户连接中...
[2019-05-01 16:39:48]-------------!开始运行!--------------
[2019-05-01 16:39:48]凉糕对战平台（LGVS）服务端启动器
[2019-05-01 16:39:48]凉糕对战平台（LGVS）大厅服务端
[2019-05-01 16:39:48]加载配置文件...
[2019-05-01 16:39:48]连接到数据库...
[2019-05-01 16:39:49]启用大厅服务器...
[2019-05-01 16:39:49]开始监听10199端口...
[2019-05-01 16:39:49]等待用户连接中...
[2019-05-01 16:42:13]-------------!开始运行!--------------
[2019-05-01 16:42:13]凉糕对战平台（LGVS）服务端启动器
[2019-05-01 16:42:13]凉糕对战平台（LGVS）大厅服务端
[2019-05-01 16:42:13]加载配置文件...
[2019-05-01 16:42:13]连接到数据库...
[2019-05-01 16:42:14]启用大厅服务器...
[2019-05-01 16:42:14]开始监听10199端口...
[2019-05-01 16:42:14]等待用户连接中...
[2019-05-01 16:44:35]-------------!开始运行!--------------
[2019-05-01 16:44:35]凉糕对战平台（LGVS）服务端启动器
[2019-05-01 16:44:35]凉糕对战平台（LGVS）大厅服务端
[2019-05-01 16:44:35]加载配置文件...
[2019-05-01 16:44:35]连接到数据库...
[2019-05-01 16:44:36]启用大厅服务器...
[2019-05-01 16:44:36]开始监听10199端口...
[2019-05-01 16:44:36]等待用户连接中...
[2019-05-01 16:44:40]等待用户连接中...
[2019-05-01 16:45:08]等待用户连接中...
[2019-05-01 16:46:29]-------------!开始运行!--------------
[2019-05-01 16:46:29]凉糕对战平台（LGVS）服务端启动器
[2019-05-01 16:46:29]凉糕对战平台（LGVS）大厅服务端
[2019-05-01 16:46:29]加载配置文件...
[2019-05-01 16:46:29]连接到数据库...
[2019-05-01 16:46:30]启用大厅服务器...
[2019-05-01 16:46:30]开始监听10199端口...
[2019-05-01 16:46:30]等待用户连接中...
[2019-05-01 16:46:33]等待用户连接中...
[2019-05-01 16:49:24]-------------!开始运行!--------------
[2019-05-01 16:49:24]凉糕对战平台（LGVS）服务端启动器
[2019-05-01 16:49:24]凉糕对战平台（LGVS）大厅服务端
[2019-05-01 16:49:24]加载配置文件...
[2019-05-01 16:49:24]连接到数据库...
[2019-05-01 16:49:26]启用大厅服务器...
[2019-05-01 16:49:26]开始监听10199端口...
[2019-05-01 16:49:26]等待用户连接中...
[2019-05-01 16:49:34]等待用户连接中...
[2019-05-01 17:01:12]-------------!开始运行!--------------
[2019-05-01 17:01:12]凉糕对战平台（LGVS）服务端启动器
[2019-05-01 17:01:12]凉糕对战平台（LGVS）大厅服务端
[2019-05-01 17:01:12]加载配置文件...
[2019-05-01 17:01:12]连接到数据库...
[2019-05-01 17:01:13]启用大厅服务器...
[2019-05-01 17:01:13]开始监听10199端口...
[2019-05-01 17:01:13]等待用户连接中...
[2019-05-01 17:01:29]等待用户连接中...
[2019-05-01 17:14:02]-------------!开始运行!--------------
[2019-05-01 17:14:02]凉糕对战平台（LGVS）服务端启动器
[2019-05-01 17:14:02]凉糕对战平台（LGVS）大厅服务端
[2019-05-01 17:14:02]加载配置文件...
[2019-05-01 17:14:02]连接到数据库...
[2019-05-01 17:14:09]启用大厅服务器...
[2019-05-01 17:14:09]开始监听10199端口...
[2019-05-01 17:14:09]等待用户连接中...
[2019-05-01 17:14:12]等待用户连接中...
[2019-05-01 17:23:02]-------------!开始运行!--------------
[2019-05-01 17:23:02]凉糕对战平台（LGVS）服务端启动器
[2019-05-01 17:23:02]凉糕对战平台（LGVS）大厅服务端
[2019-05-01 17:23:02]加载配置文件...
[2019-05-01 17:23:02]连接到数据库...
[2019-05-01 17:23:04]启用大厅服务器...
[2019-05-01 17:23:04]开始监听10199端口...
[2019-05-01 17:23:04]等待用户连接中...
[2019-05-01 17:23:04]等待用户连接中...
[2019-05-01 17:23:07]等待用户连接中...
[2019-05-01 17:32:56]-------------!开始运行!--------------
[2019-05-01 17:32:56]凉糕对战平台（LGVS）服务端启动器
[2019-05-01 17:32:56]凉糕对战平台（LGVS）大厅服务端
[2019-05-01 17:32:56]加载配置文件...
[2019-05-01 17:32:56]连接到数据库...
[2019-05-01 17:32:59]启用大厅服务器...
[2019-05-01 17:32:59]开始监听10199端口...
[2019-05-01 17:32:59]等待用户连接中...
[2019-05-01 17:32:59]等待用户连接中...
[2019-05-01 17:37:25]-------------!开始运行!--------------
[2019-05-01 17:37:25]凉糕对战平台（LGVS）服务端启动器
[2019-05-01 17:37:25]凉糕对战平台（LGVS）大厅服务端
[2019-05-01 17:37:25]加载配置文件...
[2019-05-01 17:37:25]连接到数据库...
[2019-05-01 17:37:26]启用大厅服务器...
[2019-05-01 17:37:26]开始监听10199端口...
[2019-05-01 17:37:26]等待用户连接中...
[2019-05-01 17:37:30]等待用户连接中...
[2019-05-01 17:39:38]-------------!开始运行!--------------
[2019-05-01 17:39:38]凉糕对战平台（LGVS）服务端启动器
[2019-05-01 17:39:38]凉糕对战平台（LGVS）大厅服务端
[2019-05-01 17:39:38]加载配置文件...
[2019-05-01 17:39:38]连接到数据库...
[2019-05-01 17:39:39]启用大厅服务器...
[2019-05-01 17:39:39]开始监听10199端口...
[2019-05-01 17:39:39]等待用户连接中...
[2019-05-01 17:39:46]等待用户连接中...
[2019-05-01 17:40:30]-------------!开始运行!--------------
[2019-05-01 17:40:30]凉糕对战平台（LGVS）服务端启动器
[2019-05-01 17:40:30]凉糕对战平台（LGVS）大厅服务端
[2019-05-01 17:40:30]加载配置文件...
[2019-05-01 17:40:30]连接到数据库...
[2019-05-01 17:40:31]启用大厅服务器...
[2019-05-01 17:40:31]开始监听10199端口...
[2019-05-01 17:40:31]等待用户连接中...
[2019-05-01 17:40:36]等待用户连接中...
[2019-05-01 17:43:20]-------------!开始运行!--------------
[2019-05-01 17:43:20]凉糕对战平台（LGVS）服务端启动器
[2019-05-01 17:43:20]凉糕对战平台（LGVS）大厅服务端
[2019-05-01 17:43:20]加载配置文件...
[2019-05-01 17:43:20]连接到数据库...
[2019-05-01 17:43:22]启用大厅服务器...
[2019-05-01 17:43:22]开始监听10199端口...
[2019-05-01 17:43:22]等待用户连接中...
[2019-05-01 17:43:23]等待用户连接中...
[2019-05-01 17:43:35]等待用户连接中...
[2019-05-01 17:44:57]-------------!开始运行!--------------
[2019-05-01 17:44:57]凉糕对战平台（LGVS）服务端启动器
[2019-05-01 17:44:57]凉糕对战平台（LGVS）大厅服务端
[2019-05-01 17:44:57]加载配置文件...
[2019-05-01 17:44:57]连接到数据库...
[2019-05-01 17:45:01]启用大厅服务器...
[2019-05-01 17:45:01]开始监听10199端口...
[2019-05-01 17:45:01]等待用户连接中...
[2019-05-01 17:45:03]等待用户连接中...
[2019-05-01 17:45:11]等待用户连接中...
[2019-05-01 17:46:32]-------------!开始运行!--------------
[2019-05-01 17:46:32]凉糕对战平台（LGVS）服务端启动器
[2019-05-01 17:46:32]凉糕对战平台（LGVS）大厅服务端
[2019-05-01 17:46:32]加载配置文件...
[2019-05-01 17:46:32]连接到数据库...
[2019-05-01 17:46:33]启用大厅服务器...
[2019-05-01 17:46:33]开始监听10199端口...
[2019-05-01 17:46:33]等待用户连接中...
[2019-05-01 17:46:37]等待用户连接中...
[2019-05-01 17:47:34]-------------!开始运行!--------------
[2019-05-01 17:47:34]凉糕对战平台（LGVS）服务端启动器
[2019-05-01 17:47:34]凉糕对战平台（LGVS）大厅服务端
[2019-05-01 17:47:34]加载配置文件...
[2019-05-01 17:47:34]连接到数据库...
[2019-05-01 17:47:35]启用大厅服务器...
[2019-05-01 17:47:35]开始监听10199端口...
[2019-05-01 17:47:35]等待用户连接中...
[2019-05-01 17:47:41]等待用户连接中...
[2019-05-01 17:47:42]等待用户连接中...
[2019-05-01 17:47:48]等待用户连接中...
[2019-05-01 17:47:49]等待用户连接中...
[2019-05-01 17:47:53]等待用户连接中...
[2019-05-01 17:47:54]等待用户连接中...
[2019-05-01 17:47:54]等待用户连接中...
[2019-05-01 17:55:43]-------------!开始运行!--------------
[2019-05-01 17:55:43]凉糕对战平台（LGVS）服务端启动器
[2019-05-01 17:55:43]凉糕对战平台（LGVS）大厅服务端
[2019-05-01 17:55:43]加载配置文件...
[2019-05-01 17:55:43]连接到数据库...
[2019-05-01 18:04:56]-------------!开始运行!--------------
[2019-05-01 18:04:56]凉糕对战平台（LGVS）服务端启动器
[2019-05-01 18:04:56]凉糕对战平台（LGVS）大厅服务端
[2019-05-01 18:04:56]加载配置文件...
[2019-05-01 18:04:56]连接到数据库...
[2019-05-01 18:04:57]启用大厅服务器...
[2019-05-01 18:04:57]开始监听10199端口...
[2019-05-01 18:04:57]等待用户连接中...
[2019-05-01 18:08:12]-------------!开始运行!--------------
[2019-05-01 18:08:12]凉糕对战平台（LGVS）服务端启动器
[2019-05-01 18:08:12]凉糕对战平台（LGVS）大厅服务端
[2019-05-01 18:08:12]加载配置文件...
[2019-05-01 18:08:12]连接到数据库...
[2019-05-01 18:08:13]启用大厅服务器...
[2019-05-01 18:08:13]开始监听10199端口...
[2019-05-01 18:08:13]等待用户连接中...
[2019-05-01 18:08:53]-------------!开始运行!--------------
[2019-05-01 18:08:53]凉糕对战平台（LGVS）服务端启动器
[2019-05-01 18:08:53]凉糕对战平台（LGVS）大厅服务端
[2019-05-01 18:08:53]加载配置文件...
[2019-05-01 18:08:53]连接到数据库...
[2019-05-01 18:08:54]启用大厅服务器...
[2019-05-01 18:08:54]开始监听10199端口...
[2019-05-01 18:08:54]等待用户连接中...
[2019-05-01 18:09:11]-------------!开始运行!--------------
[2019-05-01 18:09:11]凉糕对战平台（LGVS）服务端启动器
[2019-05-01 18:09:11]凉糕对战平台（LGVS）大厅服务端
[2019-05-01 18:09:11]加载配置文件...
[2019-05-01 18:09:11]连接到数据库...
[2019-05-01 18:09:12]启用大厅服务器...
[2019-05-01 18:09:12]开始监听10199端口...
[2019-05-01 18:09:12]等待用户连接中...
[2019-05-01 18:12:53]-------------!开始运行!--------------
[2019-05-01 18:12:53]凉糕对战平台（LGVS）服务端启动器
[2019-05-01 18:12:53]凉糕对战平台（LGVS）大厅服务端
[2019-05-01 18:12:53]加载配置文件...
[2019-05-01 18:12:53]连接到数据库...
[2019-05-01 19:32:46]-------------!开始运行!--------------
[2019-05-01 19:32:46]凉糕对战平台（LGVS）服务端启动器
[2019-05-01 19:32:46]凉糕对战平台（LGVS）大厅服务端
[2019-05-01 19:32:46]加载配置文件...
[2019-05-01 19:32:46]连接到数据库...
[2019-05-01 19:32:48]启用大厅服务器...
[2019-05-01 19:32:48]开始监听10199端口...
[2019-05-01 19:32:48]等待用户连接中...
[2019-05-01 19:42:12]-------------!开始运行!--------------
[2019-05-01 19:42:12]凉糕对战平台（LGVS）服务端启动器
[2019-05-01 19:42:12]凉糕对战平台（LGVS）大厅服务端
[2019-05-01 19:42:12]加载配置文件...
[2019-05-01 19:42:12]连接到数据库...
[2019-05-01 19:42:13]启用大厅服务器...
[2019-05-01 19:42:13]开始监听10199端口...
[2019-05-01 19:42:13]等待用户连接中...
[2019-05-01 19:42:38]-------------!开始运行!--------------
[2019-05-01 19:42:38]凉糕对战平台（LGVS）服务端启动器
[2019-05-01 19:42:38]凉糕对战平台（LGVS）大厅服务端
[2019-05-01 19:42:38]加载配置文件...
[2019-05-01 19:42:38]连接到数据库...
[2019-05-01 19:42:39]启用大厅服务器...
[2019-05-01 19:42:39]开始监听10199端口...
[2019-05-01 19:42:39]等待用户连接中...
[2019-05-01 19:42:40]等待用户连接中...
[2019-05-01 19:42:43]等待用户连接中...
[2019-05-01 19:44:53]-------------!开始运行!--------------
[2019-05-01 19:44:53]凉糕对战平台（LGVS）服务端启动器
[2019-05-01 19:44:53]凉糕对战平台（LGVS）大厅服务端
[2019-05-01 19:44:53]加载配置文件...
[2019-05-01 19:44:53]连接到数据库...
[2019-05-01 19:44:54]启用大厅服务器...
[2019-05-01 19:44:54]开始监听10199端口...
[2019-05-01 19:44:54]等待用户连接中...
[2019-05-01 19:45:57]-------------!开始运行!--------------
[2019-05-01 19:45:57]凉糕对战平台（LGVS）服务端启动器
[2019-05-01 19:45:57]凉糕对战平台（LGVS）大厅服务端
[2019-05-01 19:45:57]加载配置文件...
[2019-05-01 19:45:57]连接到数据库...
[2019-05-01 19:45:58]启用大厅服务器...
[2019-05-01 19:45:58]开始监听10199端口...
[2019-05-01 19:45:58]等待用户连接中...
[2019-05-01 19:46:13]等待用户连接中...
[2019-05-01 19:48:37]-------------!开始运行!--------------
[2019-05-01 19:48:37]凉糕对战平台（LGVS）服务端启动器
[2019-05-01 19:48:37]凉糕对战平台（LGVS）大厅服务端
[2019-05-01 19:48:37]加载配置文件...
[2019-05-01 19:48:37]连接到数据库...
[2019-05-01 19:48:43]启用大厅服务器...
[2019-05-01 19:48:43]开始监听10199端口...
[2019-05-01 19:48:43]等待用户连接中...
[2019-05-01 19:48:44]等待用户连接中...
[2019-05-01 19:51:48]-------------!开始运行!--------------
[2019-05-01 19:51:48]凉糕对战平台（LGVS）服务端启动器
[2019-05-01 19:51:48]凉糕对战平台（LGVS）大厅服务端
[2019-05-01 19:51:48]加载配置文件...
[2019-05-01 19:51:48]连接到数据库...
[2019-05-01 19:51:49]启用大厅服务器...
[2019-05-01 19:51:49]开始监听10199端口...
[2019-05-01 19:51:49]等待用户连接中...
[2019-05-01 20:01:11]-------------!开始运行!--------------
[2019-05-01 20:01:11]凉糕对战平台（LGVS）服务端启动器
[2019-05-01 20:01:11]凉糕对战平台（LGVS）大厅服务端
[2019-05-01 20:01:11]加载配置文件...
[2019-05-01 20:01:11]连接到数据库...
[2019-05-01 20:01:12]启用大厅服务器...
[2019-05-01 20:01:12]开始监听10199端口...
[2019-05-01 20:01:12]等待用户连接中...
[2019-05-01 20:01:16]等待用户连接中...
[2019-05-01 21:58:50]-------------!开始运行!--------------
[2019-05-01 21:58:50]凉糕对战平台（LGVS）服务端启动器
[2019-05-01 21:58:50]凉糕对战平台（LGVS）大厅服务端
[2019-05-01 21:58:50]加载配置文件...
[2019-05-01 21:58:50]连接到数据库...
[2019-05-01 21:58:51]启用大厅服务器...
[2019-05-01 21:58:51]开始监听10199端口...
[2019-05-01 21:58:51]等待用户连接中...
[2019-05-01 21:59:03]等待用户连接中...
[2019-05-01 21:59:43]-------------!开始运行!--------------
[2019-05-01 21:59:43]凉糕对战平台（LGVS）服务端启动器
[2019-05-01 21:59:43]凉糕对战平台（LGVS）大厅服务端
[2019-05-01 21:59:43]加载配置文件...
[2019-05-01 21:59:43]连接到数据库...
[2019-05-01 21:59:44]启用大厅服务器...
[2019-05-01 21:59:44]开始监听10199端口...
[2019-05-01 21:59:44]等待用户连接中...
[2019-05-01 21:59:46]等待用户连接中...
[2019-05-01 21:59:58]-------------!开始运行!--------------
[2019-05-01 21:59:58]凉糕对战平台（LGVS）服务端启动器
[2019-05-01 21:59:58]凉糕对战平台（LGVS）大厅服务端
[2019-05-01 21:59:58]加载配置文件...
[2019-05-01 21:59:58]连接到数据库...
[2019-05-01 21:59:59]启用大厅服务器...
[2019-05-01 21:59:59]开始监听10199端口...
[2019-05-01 21:59:59]等待用户连接中...
[2019-05-01 21:59:59]等待用户连接中...
[2019-05-01 22:01:29]-------------!开始运行!--------------
[2019-05-01 22:01:29]凉糕对战平台（LGVS）服务端启动器
[2019-05-01 22:01:29]凉糕对战平台（LGVS）大厅服务端
[2019-05-01 22:01:29]加载配置文件...
[2019-05-01 22:01:29]连接到数据库...
[2019-05-01 22:01:40]启用大厅服务器...
[2019-05-01 22:01:40]开始监听10199端口...
[2019-05-01 22:01:40]等待用户连接中...
[2019-05-01 22:01:42]等待用户连接中...
[2019-05-01 22:03:33]-------------!开始运行!--------------
[2019-05-01 22:03:33]凉糕对战平台（LGVS）服务端启动器
[2019-05-01 22:03:33]凉糕对战平台（LGVS）大厅服务端
[2019-05-01 22:03:33]加载配置文件...
[2019-05-01 22:03:33]连接到数据库...
[2019-05-01 22:03:34]启用大厅服务器...
[2019-05-01 22:03:34]开始监听10199端口...
[2019-05-01 22:03:34]等待用户连接中...
[2019-05-01 22:03:34]等待用户连接中...
[2019-05-01 22:04:22]-------------!开始运行!--------------
[2019-05-01 22:04:22]凉糕对战平台（LGVS）服务端启动器
[2019-05-01 22:04:22]凉糕对战平台（LGVS）大厅服务端
[2019-05-01 22:04:22]加载配置文件...
[2019-05-01 22:04:22]连接到数据库...
[2019-05-01 22:04:23]启用大厅服务器...
[2019-05-01 22:04:23]开始监听10199端口...
[2019-05-01 22:04:23]等待用户连接中...
[2019-05-01 22:04:24]等待用户连接中...
[2019-05-01 22:04:42]-------------!开始运行!--------------
[2019-05-01 22:04:42]凉糕对战平台（LGVS）服务端启动器
[2019-05-01 22:04:42]凉糕对战平台（LGVS）大厅服务端
[2019-05-01 22:04:42]加载配置文件...
[2019-05-01 22:04:42]连接到数据库...
[2019-05-01 22:04:43]启用大厅服务器...
[2019-05-01 22:04:43]开始监听10199端口...
[2019-05-01 22:04:43]等待用户连接中...
[2019-05-01 22:04:44]等待用户连接中...
[2019-05-01 22:08:53]-------------!开始运行!--------------
[2019-05-01 22:08:53]凉糕对战平台（LGVS）服务端启动器
[2019-05-01 22:08:53]凉糕对战平台（LGVS）大厅服务端
[2019-05-01 22:08:53]加载配置文件...
[2019-05-01 22:08:53]连接到数据库...
[2019-05-01 22:08:54]启用大厅服务器...
[2019-05-01 22:08:54]开始监听10199端口...
[2019-05-01 22:08:54]等待用户连接中...
[2019-05-01 22:08:55]等待用户连接中...
[2019-05-01 22:09:23]-------------!开始运行!--------------
[2019-05-01 22:09:23]凉糕对战平台（LGVS）服务端启动器
[2019-05-01 22:09:23]凉糕对战平台（LGVS）大厅服务端
[2019-05-01 22:09:23]加载配置文件...
[2019-05-01 22:09:23]连接到数据库...
[2019-05-01 22:09:24]启用大厅服务器...
[2019-05-01 22:09:24]开始监听10199端口...
[2019-05-01 22:09:24]等待用户连接中...
[2019-05-01 22:09:26]等待用户连接中...
[2019-05-01 22:12:20]-------------!开始运行!--------------
[2019-05-01 22:12:20]凉糕对战平台（LGVS）服务端启动器
[2019-05-01 22:12:20]凉糕对战平台（LGVS）大厅服务端
[2019-05-01 22:12:20]加载配置文件...
[2019-05-01 22:12:20]连接到数据库...
[2019-05-01 22:12:22]启用大厅服务器...
[2019-05-01 22:12:22]开始监听10199端口...
[2019-05-01 22:12:22]等待用户连接中...
[2019-05-01 22:12:23]等待用户连接中...
[2019-05-01 22:12:44]-------------!开始运行!--------------
[2019-05-01 22:12:44]凉糕对战平台（LGVS）服务端启动器
[2019-05-01 22:12:44]凉糕对战平台（LGVS）大厅服务端
[2019-05-01 22:12:44]加载配置文件...
[2019-05-01 22:12:44]连接到数据库...
[2019-05-01 22:12:45]启用大厅服务器...
[2019-05-01 22:12:45]开始监听10199端口...
[2019-05-01 22:12:45]等待用户连接中...
[2019-05-01 22:12:45]等待用户连接中...
[2019-05-01 22:13:32]-------------!开始运行!--------------
[2019-05-01 22:13:32]凉糕对战平台（LGVS）服务端启动器
[2019-05-01 22:13:32]凉糕对战平台（LGVS）大厅服务端
[2019-05-01 22:13:32]加载配置文件...
[2019-05-01 22:13:32]连接到数据库...
[2019-05-01 22:13:34]启用大厅服务器...
[2019-05-01 22:13:34]开始监听10199端口...
[2019-05-01 22:13:34]等待用户连接中...
[2019-05-01 22:13:35]等待用户连接中...
[2019-05-01 22:13:49]-------------!开始运行!--------------
[2019-05-01 22:13:49]凉糕对战平台（LGVS）服务端启动器
[2019-05-01 22:13:49]凉糕对战平台（LGVS）大厅服务端
[2019-05-01 22:13:49]加载配置文件...
[2019-05-01 22:13:49]连接到数据库...
[2019-05-01 22:13:50]启用大厅服务器...
[2019-05-01 22:13:50]开始监听10199端口...
[2019-05-01 22:13:50]等待用户连接中...
[2019-05-01 22:13:51]等待用户连接中...
[2019-05-01 22:14:18]-------------!开始运行!--------------
[2019-05-01 22:14:18]凉糕对战平台（LGVS）服务端启动器
[2019-05-01 22:14:18]凉糕对战平台（LGVS）大厅服务端
[2019-05-01 22:14:18]加载配置文件...
[2019-05-01 22:14:18]连接到数据库...
[2019-05-01 22:14:24]启用大厅服务器...
[2019-05-01 22:14:24]开始监听10199端口...
[2019-05-01 22:14:24]等待用户连接中...
[2019-05-01 22:14:36]等待用户连接中...
[2019-05-01 22:19:29]-------------!开始运行!--------------
[2019-05-01 22:19:29]凉糕对战平台（LGVS）服务端启动器
[2019-05-01 22:19:29]凉糕对战平台（LGVS）大厅服务端
[2019-05-01 22:19:29]加载配置文件...
[2019-05-01 22:19:29]连接到数据库...
[2019-05-01 22:19:30]启用大厅服务器...
[2019-05-01 22:19:30]开始监听10199端口...
[2019-05-01 22:19:30]等待用户连接中...
[2019-05-01 22:19:35]等待用户连接中...
[2019-05-01 22:21:45]-------------!开始运行!--------------
[2019-05-01 22:21:45]凉糕对战平台（LGVS）服务端启动器
[2019-05-01 22:21:45]凉糕对战平台（LGVS）大厅服务端
[2019-05-01 22:21:45]加载配置文件...
[2019-05-01 22:21:45]连接到数据库...
[2019-05-01 22:21:46]启用大厅服务器...
[2019-05-01 22:21:46]开始监听10199端口...
[2019-05-01 22:21:47]等待用户连接中...
[2019-05-01 22:21:48]等待用户连接中...
[2019-05-01 22:22:43]-------------!开始运行!--------------
[2019-05-01 22:22:43]凉糕对战平台（LGVS）服务端启动器
[2019-05-01 22:22:43]凉糕对战平台（LGVS）大厅服务端
[2019-05-01 22:22:43]加载配置文件...
[2019-05-01 22:22:43]连接到数据库...
[2019-05-01 22:22:44]启用大厅服务器...
[2019-05-01 22:22:44]开始监听10199端口...
[2019-05-01 22:22:44]等待用户连接中...
[2019-05-01 22:22:45]等待用户连接中...
[2019-05-01 22:24:07]-------------!开始运行!--------------
[2019-05-01 22:24:07]凉糕对战平台（LGVS）服务端启动器
[2019-05-01 22:24:07]凉糕对战平台（LGVS）大厅服务端
[2019-05-01 22:24:07]加载配置文件...
[2019-05-01 22:24:07]连接到数据库...
[2019-05-01 22:24:08]启用大厅服务器...
[2019-05-01 22:24:08]开始监听10199端口...
[2019-05-01 22:24:08]等待用户连接中...
[2019-05-01 22:24:10]等待用户连接中...
[2019-05-01 22:30:48]-------------!开始运行!--------------
[2019-05-01 22:30:48]凉糕对战平台（LGVS）服务端启动器
[2019-05-01 22:30:48]凉糕对战平台（LGVS）大厅服务端
[2019-05-01 22:30:48]加载配置文件...
[2019-05-01 22:30:48]连接到数据库...
[2019-05-01 22:30:49]启用大厅服务器...
[2019-05-01 22:30:49]开始监听10199端口...
[2019-05-01 22:30:49]等待用户连接中...
[2019-05-01 22:30:52]等待用户连接中...
[2019-05-01 22:33:01]-------------!开始运行!--------------
[2019-05-01 22:33:01]凉糕对战平台（LGVS）服务端启动器
[2019-05-01 22:33:01]凉糕对战平台（LGVS）大厅服务端
[2019-05-01 22:33:01]加载配置文件...
[2019-05-01 22:33:01]连接到数据库...
[2019-05-01 22:33:02]启用大厅服务器...
[2019-05-01 22:33:02]开始监听10199端口...
[2019-05-01 22:33:02]等待用户连接中...
[2019-05-01 22:33:05]等待用户连接中...
[2019-05-01 22:33:29]-------------!开始运行!--------------
[2019-05-01 22:33:29]凉糕对战平台（LGVS）服务端启动器
[2019-05-01 22:33:29]凉糕对战平台（LGVS）大厅服务端
[2019-05-01 22:33:29]加载配置文件...
[2019-05-01 22:33:29]连接到数据库...
[2019-05-01 22:33:30]启用大厅服务器...
[2019-05-01 22:33:30]开始监听10199端口...
[2019-05-01 22:33:30]等待用户连接中...
[2019-05-01 22:33:34]等待用户连接中...
[2019-05-01 22:33:49]-------------!开始运行!--------------
[2019-05-01 22:33:49]凉糕对战平台（LGVS）服务端启动器
[2019-05-01 22:33:49]凉糕对战平台（LGVS）大厅服务端
[2019-05-01 22:33:49]加载配置文件...
[2019-05-01 22:33:49]连接到数据库...
[2019-05-01 22:33:51]启用大厅服务器...
[2019-05-01 22:33:51]开始监听10199端口...
[2019-05-01 22:33:51]等待用户连接中...
[2019-05-01 22:33:51]等待用户连接中...
[2019-05-01 22:39:02]-------------!开始运行!--------------
[2019-05-01 22:39:02]凉糕对战平台（LGVS）服务端启动器
[2019-05-01 22:39:02]凉糕对战平台（LGVS）大厅服务端
[2019-05-01 22:39:02]加载配置文件...
[2019-05-01 22:39:02]连接到数据库...
[2019-05-01 22:39:03]启用大厅服务器...
[2019-05-01 22:39:03]开始监听10199端口...
[2019-05-01 22:39:03]等待用户连接中...
[2019-05-01 22:39:05]等待用户连接中...
[2019-05-01 22:39:31]-------------!开始运行!--------------
[2019-05-01 22:39:31]凉糕对战平台（LGVS）服务端启动器
[2019-05-01 22:39:31]凉糕对战平台（LGVS）大厅服务端
[2019-05-01 22:39:31]加载配置文件...
[2019-05-01 22:39:31]连接到数据库...
[2019-05-01 22:39:33]启用大厅服务器...
[2019-05-01 22:39:33]开始监听10199端口...
[2019-05-01 22:39:33]等待用户连接中...
[2019-05-01 22:39:37]等待用户连接中...
[2019-05-01 22:40:51]-------------!开始运行!--------------
[2019-05-01 22:40:51]凉糕对战平台（LGVS）服务端启动器
[2019-05-01 22:40:51]凉糕对战平台（LGVS）大厅服务端
[2019-05-01 22:40:51]加载配置文件...
[2019-05-01 22:40:51]连接到数据库...
[2019-05-01 22:40:53]启用大厅服务器...
[2019-05-01 22:40:53]开始监听10199端口...
[2019-05-01 22:40:53]等待用户连接中...
[2019-05-01 22:40:59]等待用户连接中...
[2019-05-01 22:45:29]-------------!开始运行!--------------
[2019-05-01 22:45:29]凉糕对战平台（LGVS）服务端启动器
[2019-05-01 22:45:29]凉糕对战平台（LGVS）大厅服务端
[2019-05-01 22:45:29]加载配置文件...
[2019-05-01 22:45:29]连接到数据库...
[2019-05-01 22:51:46]-------------!开始运行!--------------
[2019-05-01 22:51:46]凉糕对战平台（LGVS）服务端启动器
[2019-05-01 22:51:46]凉糕对战平台（LGVS）大厅服务端
[2019-05-01 22:51:46]加载配置文件...
[2019-05-01 22:51:46]连接到数据库...
[2019-05-01 22:51:47]启用大厅服务器...
[2019-05-01 22:51:47]开始监听10199端口...
[2019-05-01 22:51:47]等待用户连接中...
[2019-05-01 22:51:56]等待用户连接中...
[2019-05-01 22:57:37]-------------!开始运行!--------------
[2019-05-01 22:57:37]凉糕对战平台（LGVS）服务端启动器
[2019-05-01 22:57:37]凉糕对战平台（LGVS）大厅服务端
[2019-05-01 22:57:37]加载配置文件...
[2019-05-01 22:57:37]连接到数据库...
[2019-05-01 22:57:39]启用大厅服务器...
[2019-05-01 22:57:39]开始监听10199端口...
[2019-05-01 22:57:39]等待用户连接中...
[2019-05-01 22:58:44]-------------!开始运行!--------------
[2019-05-01 22:58:44]凉糕对战平台（LGVS）服务端启动器
[2019-05-01 22:58:44]凉糕对战平台（LGVS）大厅服务端
[2019-05-01 22:58:44]加载配置文件...
[2019-05-01 22:58:44]连接到数据库...
[2019-05-01 22:58:45]启用大厅服务器...
[2019-05-01 22:58:45]开始监听10199端口...
[2019-05-01 22:58:45]等待用户连接中...
[2019-05-01 22:58:51]等待用户连接中...
[2019-05-01 23:11:03]-------------!开始运行!--------------
[2019-05-01 23:11:03]凉糕对战平台（LGVS）服务端启动器
[2019-05-01 23:11:03]凉糕对战平台（LGVS）大厅服务端
[2019-05-01 23:11:03]加载配置文件...
[2019-05-01 23:11:03]连接到数据库...
[2019-05-01 23:11:04]启用大厅服务器...
[2019-05-01 23:11:04]开始监听10199端口...
[2019-05-01 23:11:04]等待用户连接中...
[2019-05-01 23:11:14]等待用户连接中...
[2019-05-01 23:11:44]-------------!开始运行!--------------
[2019-05-01 23:11:44]凉糕对战平台（LGVS）服务端启动器
[2019-05-01 23:11:44]凉糕对战平台（LGVS）大厅服务端
[2019-05-01 23:11:44]加载配置文件...
[2019-05-01 23:11:44]连接到数据库...
[2019-05-01 23:11:46]启用大厅服务器...
[2019-05-01 23:11:46]开始监听10199端口...
[2019-05-01 23:11:46]等待用户连接中...
[2019-05-01 23:11:47]等待用户连接中...
[2019-05-01 23:12:28]-------------!开始运行!--------------
[2019-05-01 23:12:28]凉糕对战平台（LGVS）服务端启动器
[2019-05-01 23:12:28]凉糕对战平台（LGVS）大厅服务端
[2019-05-01 23:12:28]加载配置文件...
[2019-05-01 23:12:28]连接到数据库...
[2019-05-01 23:12:29]启用大厅服务器...
[2019-05-01 23:12:29]开始监听10199端口...
[2019-05-01 23:12:29]等待用户连接中...
[2019-05-01 23:12:32]等待用户连接中...
[2019-05-01 23:13:10]-------------!开始运行!--------------
[2019-05-01 23:13:10]凉糕对战平台（LGVS）服务端启动器
[2019-05-01 23:13:10]凉糕对战平台（LGVS）大厅服务端
[2019-05-01 23:13:10]加载配置文件...
[2019-05-01 23:13:10]连接到数据库...
[2019-05-01 23:13:11]启用大厅服务器...
[2019-05-01 23:13:11]开始监听10199端口...
[2019-05-01 23:13:11]等待用户连接中...
[2019-05-01 23:13:15]等待用户连接中...
[2019-05-01 23:14:09]-------------!开始运行!--------------
[2019-05-01 23:14:09]凉糕对战平台（LGVS）服务端启动器
[2019-05-01 23:14:09]凉糕对战平台（LGVS）大厅服务端
[2019-05-01 23:14:09]加载配置文件...
[2019-05-01 23:14:09]连接到数据库...
[2019-05-01 23:14:10]启用大厅服务器...
[2019-05-01 23:14:10]开始监听10199端口...
[2019-05-01 23:14:10]等待用户连接中...
[2019-05-01 23:14:12]等待用户连接中...
[2019-05-01 23:15:19]-------------!开始运行!--------------
[2019-05-01 23:15:19]凉糕对战平台（LGVS）服务端启动器
[2019-05-01 23:15:19]凉糕对战平台（LGVS）大厅服务端
[2019-05-01 23:15:19]加载配置文件...
[2019-05-01 23:15:19]连接到数据库...
[2019-05-01 23:15:20]启用大厅服务器...
[2019-05-01 23:15:20]开始监听10199端口...
[2019-05-01 23:15:20]等待用户连接中...
[2019-05-01 23:15:22]等待用户连接中...
[2019-05-01 23:15:37]-------------!开始运行!--------------
[2019-05-01 23:15:37]凉糕对战平台（LGVS）服务端启动器
[2019-05-01 23:15:37]凉糕对战平台（LGVS）大厅服务端
[2019-05-01 23:15:37]加载配置文件...
[2019-05-01 23:15:37]连接到数据库...
[2019-05-01 23:15:38]启用大厅服务器...
[2019-05-01 23:15:38]开始监听10199端口...
[2019-05-01 23:15:38]等待用户连接中...
[2019-05-01 23:15:39]等待用户连接中...
[2019-05-01 23:15:51]-------------!开始运行!--------------
[2019-05-01 23:15:51]凉糕对战平台（LGVS）服务端启动器
[2019-05-01 23:15:51]凉糕对战平台（LGVS）大厅服务端
[2019-05-01 23:15:51]加载配置文件...
[2019-05-01 23:15:51]连接到数据库...
[2019-05-01 23:15:52]启用大厅服务器...
[2019-05-01 23:15:52]开始监听10199端口...
[2019-05-01 23:15:52]等待用户连接中...
[2019-05-01 23:15:55]等待用户连接中...
[2019-05-01 23:16:09]-------------!开始运行!--------------
[2019-05-01 23:16:09]凉糕对战平台（LGVS）服务端启动器
[2019-05-01 23:16:09]凉糕对战平台（LGVS）大厅服务端
[2019-05-01 23:16:09]加载配置文件...
[2019-05-01 23:16:09]连接到数据库...
[2019-05-01 23:16:10]启用大厅服务器...
[2019-05-01 23:16:10]开始监听10199端口...
[2019-05-01 23:16:10]等待用户连接中...
[2019-05-01 23:16:13]等待用户连接中...
[2019-05-01 23:16:33]-------------!开始运行!--------------
[2019-05-01 23:16:33]凉糕对战平台（LGVS）服务端启动器
[2019-05-01 23:16:33]凉糕对战平台（LGVS）大厅服务端
[2019-05-01 23:16:33]加载配置文件...
[2019-05-01 23:16:33]连接到数据库...
[2019-05-01 23:16:34]启用大厅服务器...
[2019-05-01 23:16:34]开始监听10199端口...
[2019-05-01 23:16:34]等待用户连接中...
[2019-05-01 23:16:34]等待用户连接中...
[2019-05-01 23:16:41]-------------!开始运行!--------------
[2019-05-01 23:16:41]凉糕对战平台（LGVS）服务端启动器
[2019-05-01 23:16:41]凉糕对战平台（LGVS）大厅服务端
[2019-05-01 23:16:41]加载配置文件...
[2019-05-01 23:16:41]连接到数据库...
[2019-05-01 23:16:42]启用大厅服务器...
[2019-05-01 23:16:42]开始监听10199端口...
[2019-05-01 23:16:42]等待用户连接中...
[2019-05-01 23:16:44]等待用户连接中...
[2019-05-01 23:17:51]-------------!开始运行!--------------
[2019-05-01 23:17:51]凉糕对战平台（LGVS）服务端启动器
[2019-05-01 23:17:51]凉糕对战平台（LGVS）大厅服务端
[2019-05-01 23:17:51]加载配置文件...
[2019-05-01 23:17:51]连接到数据库...
[2019-05-01 23:17:53]启用大厅服务器...
[2019-05-01 23:17:53]开始监听10199端口...
[2019-05-01 23:17:53]等待用户连接中...
[2019-05-01 23:17:53]等待用户连接中...
[2019-05-01 23:18:55]-------------!开始运行!--------------
[2019-05-01 23:18:55]凉糕对战平台（LGVS）服务端启动器
[2019-05-01 23:18:55]凉糕对战平台（LGVS）大厅服务端
[2019-05-01 23:18:55]加载配置文件...
[2019-05-01 23:18:55]连接到数据库...
[2019-05-01 23:18:56]启用大厅服务器...
[2019-05-01 23:18:56]开始监听10199端口...
[2019-05-01 23:18:56]等待用户连接中...
[2019-05-01 23:18:58]等待用户连接中...
[2019-05-01 23:19:21]-------------!开始运行!--------------
[2019-05-01 23:19:21]凉糕对战平台（LGVS）服务端启动器
[2019-05-01 23:19:21]凉糕对战平台（LGVS）大厅服务端
[2019-05-01 23:19:21]加载配置文件...
[2019-05-01 23:19:21]连接到数据库...
[2019-05-01 23:19:22]启用大厅服务器...
[2019-05-01 23:19:22]开始监听10199端口...
[2019-05-01 23:19:22]等待用户连接中...
[2019-05-01 23:19:22]等待用户连接中...
[2019-05-01 23:20:07]-------------!开始运行!--------------
[2019-05-01 23:20:07]凉糕对战平台（LGVS）服务端启动器
[2019-05-01 23:20:07]凉糕对战平台（LGVS）大厅服务端
[2019-05-01 23:20:07]加载配置文件...
[2019-05-01 23:20:07]连接到数据库...
[2019-05-01 23:20:08]启用大厅服务器...
[2019-05-01 23:20:08]开始监听10199端口...
[2019-05-01 23:20:09]等待用户连接中...
[2019-05-01 23:20:09]等待用户连接中...
[2019-05-01 23:20:40]-------------!开始运行!--------------
[2019-05-01 23:20:40]凉糕对战平台（LGVS）服务端启动器
[2019-05-01 23:20:40]凉糕对战平台（LGVS）大厅服务端
[2019-05-01 23:20:40]加载配置文件...
[2019-05-01 23:20:40]连接到数据库...
[2019-05-01 23:20:41]启用大厅服务器...
[2019-05-01 23:20:41]开始监听10199端口...
[2019-05-01 23:20:41]等待用户连接中...
[2019-05-01 23:20:41]等待用户连接中...
[2019-05-01 23:21:59]-------------!开始运行!--------------
[2019-05-01 23:21:59]凉糕对战平台（LGVS）服务端启动器
[2019-05-01 23:21:59]凉糕对战平台（LGVS）大厅服务端
[2019-05-01 23:21:59]加载配置文件...
[2019-05-01 23:21:59]连接到数据库...
[2019-05-01 23:22:00]启用大厅服务器...
[2019-05-01 23:22:00]开始监听10199端口...
[2019-05-01 23:22:00]等待用户连接中...
[2019-05-01 23:22:01]等待用户连接中...
[2019-05-01 23:22:29]-------------!开始运行!--------------
[2019-05-01 23:22:29]凉糕对战平台（LGVS）服务端启动器
[2019-05-01 23:22:29]凉糕对战平台（LGVS）大厅服务端
[2019-05-01 23:22:29]加载配置文件...
[2019-05-01 23:22:29]连接到数据库...
[2019-05-01 23:22:33]启用大厅服务器...
[2019-05-01 23:22:33]开始监听10199端口...
[2019-05-01 23:22:33]等待用户连接中...
[2019-05-01 23:22:35]等待用户连接中...
[2019-05-01 23:23:06]等待用户连接中...
[2019-05-01 23:23:29]等待用户连接中...
[2019-05-01 23:23:48]等待用户连接中...
[2019-05-01 23:28:50]-------------!开始运行!--------------
[2019-05-01 23:28:50]凉糕对战平台（LGVS）服务端启动器
[2019-05-01 23:28:50]凉糕对战平台（LGVS）大厅服务端
[2019-05-01 23:28:50]加载配置文件...
[2019-05-01 23:28:50]连接到数据库...
[2019-05-01 23:28:51]启用大厅服务器...
[2019-05-01 23:28:51]开始监听10199端口...
[2019-05-01 23:28:51]等待用户连接中...
[2019-05-01 23:28:56]等待用户连接中...
[2019-05-01 23:30:13]等待用户连接中...
[2019-05-01 23:30:32]-------------!开始运行!--------------
[2019-05-01 23:30:32]凉糕对战平台（LGVS）服务端启动器
[2019-05-01 23:30:32]凉糕对战平台（LGVS）大厅服务端
[2019-05-01 23:30:32]加载配置文件...
[2019-05-01 23:30:32]连接到数据库...
[2019-05-01 23:30:38]启用大厅服务器...
[2019-05-01 23:30:38]开始监听10199端口...
[2019-05-01 23:30:38]等待用户连接中...
[2019-05-01 23:30:38]等待用户连接中...
[2019-05-01 23:30:48]等待用户连接中...
[2019-05-01 23:31:20]等待用户连接中...
[2019-05-01 23:31:41]等待用户连接中...
[2019-05-01 23:31:57]等待用户连接中...
[2019-05-01 23:32:12]等待用户连接中...
[2019-05-01 23:32:28]等待用户连接中...
[2019-05-01 23:34:19]-------------!开始运行!--------------
[2019-05-01 23:34:19]凉糕对战平台（LGVS）服务端启动器
[2019-05-01 23:34:19]凉糕对战平台（LGVS）大厅服务端
[2019-05-01 23:34:19]加载配置文件...
[2019-05-01 23:34:19]连接到数据库...
[2019-05-01 23:34:20]启用大厅服务器...
[2019-05-01 23:34:20]开始监听10199端口...
[2019-05-01 23:34:20]等待用户连接中...
[2019-05-01 23:34:28]等待用户连接中...
[2019-05-01 23:35:52]等待用户连接中...
[2019-05-02 10:25:10]-------------!开始运行!--------------
[2019-05-02 10:25:10]凉糕对战平台（LGVS）服务端启动器
[2019-05-02 10:25:10]凉糕对战平台（LGVS）大厅服务端
[2019-05-02 10:25:10]加载配置文件...
[2019-05-02 10:25:10]连接到数据库...
[2019-05-02 10:25:11]启用大厅服务器...
[2019-05-02 10:25:11]开始监听10199端口...
[2019-05-02 10:25:11]等待用户连接中...
[2019-05-02 10:25:29]等待用户连接中...
[2019-05-02 10:25:39]等待用户连接中...
[2019-05-02 10:25:41]等待用户连接中...
[2019-05-02 10:51:42]-------------!开始运行!--------------
[2019-05-02 10:51:42]凉糕对战平台（LGVS）服务端启动器
[2019-05-02 10:51:42]凉糕对战平台（LGVS）大厅服务端
[2019-05-02 10:51:42]加载配置文件...
[2019-05-02 10:51:42]连接到数据库...
[2019-05-02 10:51:43]启用大厅服务器...
[2019-05-02 10:51:43]开始监听10199端口...
[2019-05-02 10:51:43]等待用户连接中...
[2019-05-02 10:51:53]等待用户连接中...
[2019-05-02 10:52:07]等待用户连接中...
[2019-05-02 10:52:09]等待用户连接中...
[2019-05-02 10:54:33]-------------!开始运行!--------------
[2019-05-02 10:54:33]凉糕对战平台（LGVS）服务端启动器
[2019-05-02 10:54:33]凉糕对战平台（LGVS）大厅服务端
[2019-05-02 10:54:33]加载配置文件...
[2019-05-02 10:54:33]连接到数据库...
[2019-05-02 10:54:34]启用大厅服务器...
[2019-05-02 10:54:34]开始监听10199端口...
[2019-05-02 10:54:34]等待用户连接中...
[2019-05-02 10:54:38]等待用户连接中...
[2019-05-02 10:54:49]等待用户连接中...
[2019-05-02 10:55:08]-------------!开始运行!--------------
[2019-05-02 10:55:08]凉糕对战平台（LGVS）服务端启动器
[2019-05-02 10:55:08]凉糕对战平台（LGVS）大厅服务端
[2019-05-02 10:55:08]加载配置文件...
[2019-05-02 10:55:08]连接到数据库...
[2019-05-02 10:55:09]启用大厅服务器...
[2019-05-02 10:55:09]开始监听10199端口...
[2019-05-02 10:55:09]等待用户连接中...
[2019-05-02 10:55:09]等待用户连接中...
[2019-05-02 10:55:22]等待用户连接中...
[2019-05-02 10:55:50]-------------!开始运行!--------------
[2019-05-02 10:55:50]凉糕对战平台（LGVS）服务端启动器
[2019-05-02 10:55:50]凉糕对战平台（LGVS）大厅服务端
[2019-05-02 10:55:50]加载配置文件...
[2019-05-02 10:55:50]连接到数据库...
[2019-05-02 10:55:51]启用大厅服务器...
[2019-05-02 10:55:51]开始监听10199端口...
[2019-05-02 10:55:51]等待用户连接中...
[2019-05-02 10:55:54]等待用户连接中...
[2019-05-02 10:57:21]-------------!开始运行!--------------
[2019-05-02 10:57:21]凉糕对战平台（LGVS）服务端启动器
[2019-05-02 10:57:21]凉糕对战平台（LGVS）大厅服务端
[2019-05-02 10:57:21]加载配置文件...
[2019-05-02 10:57:21]连接到数据库...
[2019-05-02 10:57:22]启用大厅服务器...
[2019-05-02 10:57:22]开始监听10199端口...
[2019-05-02 10:57:22]等待用户连接中...
[2019-05-02 10:57:27]等待用户连接中...
[2019-05-02 11:00:02]等待用户连接中...
[2019-05-02 11:09:49]-------------!开始运行!--------------
[2019-05-02 11:09:49]凉糕对战平台（LGVS）服务端启动器
[2019-05-02 11:09:49]凉糕对战平台（LGVS）大厅服务端
[2019-05-02 11:09:49]加载配置文件...
[2019-05-02 11:09:49]连接到数据库...
[2019-05-02 11:09:50]启用大厅服务器...
[2019-05-02 11:09:50]开始监听10199端口...
[2019-05-02 11:09:50]等待用户连接中...
[2019-05-02 11:09:51]等待用户连接中...
[2019-05-02 11:39:44]-------------!开始运行!--------------
[2019-05-02 11:39:44]凉糕对战平台（LGVS）服务端启动器
[2019-05-02 11:39:44]凉糕对战平台（LGVS）大厅服务端
[2019-05-02 11:39:44]加载配置文件...
[2019-05-02 11:39:44]连接到数据库...
[2019-05-02 11:39:45]启用大厅服务器...
[2019-05-02 11:39:45]开始监听10199端口...
[2019-05-02 11:39:45]等待用户连接中...
[2019-05-02 11:39:53]等待用户连接中...
[2019-05-02 11:40:09]等待用户连接中...
[2019-05-02 11:41:07]-------------!开始运行!--------------
[2019-05-02 11:41:07]凉糕对战平台（LGVS）服务端启动器
[2019-05-02 11:41:07]凉糕对战平台（LGVS）大厅服务端
[2019-05-02 11:41:07]加载配置文件...
[2019-05-02 11:41:07]连接到数据库...
[2019-05-02 11:41:08]启用大厅服务器...
[2019-05-02 11:41:08]开始监听10199端口...
[2019-05-02 11:41:08]等待用户连接中...
[2019-05-02 11:41:09]等待用户连接中...
[2019-05-02 11:48:20]-------------!开始运行!--------------
[2019-05-02 11:48:20]凉糕对战平台（LGVS）服务端启动器
[2019-05-02 11:48:20]凉糕对战平台（LGVS）大厅服务端
[2019-05-02 11:48:20]加载配置文件...
[2019-05-02 11:48:20]连接到数据库...
[2019-05-02 11:48:21]启用大厅服务器...
[2019-05-02 11:48:21]开始监听10199端口...
[2019-05-02 11:48:21]等待用户连接中...
[2019-05-02 11:48:24]等待用户连接中...
[2019-05-02 11:49:17]-------------!开始运行!--------------
[2019-05-02 11:49:17]凉糕对战平台（LGVS）服务端启动器
[2019-05-02 11:49:17]凉糕对战平台（LGVS）大厅服务端
[2019-05-02 11:49:17]加载配置文件...
[2019-05-02 11:49:17]连接到数据库...
[2019-05-02 11:49:18]启用大厅服务器...
[2019-05-02 11:49:18]开始监听10199端口...
[2019-05-02 11:49:18]等待用户连接中...
[2019-05-02 11:49:19]等待用户连接中...
[2019-05-02 11:49:27]等待用户连接中...
[2019-05-02 11:50:06]-------------!开始运行!--------------
[2019-05-02 11:50:06]凉糕对战平台（LGVS）服务端启动器
[2019-05-02 11:50:06]凉糕对战平台（LGVS）大厅服务端
[2019-05-02 11:50:06]加载配置文件...
[2019-05-02 11:50:06]连接到数据库...
[2019-05-02 11:50:07]启用大厅服务器...
[2019-05-02 11:50:07]开始监听10199端口...
[2019-05-02 11:50:07]等待用户连接中...
[2019-05-02 11:50:07]等待用户连接中...
[2019-05-02 11:50:53]-------------!开始运行!--------------
[2019-05-02 11:50:53]凉糕对战平台（LGVS）服务端启动器
[2019-05-02 11:50:53]凉糕对战平台（LGVS）大厅服务端
[2019-05-02 11:50:53]加载配置文件...
[2019-05-02 11:50:53]连接到数据库...
[2019-05-02 11:50:54]启用大厅服务器...
[2019-05-02 11:50:54]开始监听10199端口...
[2019-05-02 11:50:54]等待用户连接中...
[2019-05-02 11:51:06]-------------!开始运行!--------------
[2019-05-02 11:51:06]凉糕对战平台（LGVS）服务端启动器
[2019-05-02 11:51:06]凉糕对战平台（LGVS）大厅服务端
[2019-05-02 11:51:06]加载配置文件...
[2019-05-02 11:51:06]连接到数据库...
[2019-05-02 11:51:07]启用大厅服务器...
[2019-05-02 11:51:07]开始监听10199端口...
[2019-05-02 11:51:07]等待用户连接中...
[2019-05-02 11:51:16]等待用户连接中...
[2019-05-02 11:51:43]-------------!开始运行!--------------
[2019-05-02 11:51:43]凉糕对战平台（LGVS）服务端启动器
[2019-05-02 11:51:43]凉糕对战平台（LGVS）大厅服务端
[2019-05-02 11:51:43]加载配置文件...
[2019-05-02 11:51:43]连接到数据库...
[2019-05-02 11:51:44]启用大厅服务器...
[2019-05-02 11:51:44]开始监听10199端口...
[2019-05-02 11:51:44]等待用户连接中...
[2019-05-02 11:51:45]等待用户连接中...
[2019-05-02 11:54:22]-------------!开始运行!--------------
[2019-05-02 11:54:22]凉糕对战平台（LGVS）服务端启动器
[2019-05-02 11:54:22]凉糕对战平台（LGVS）大厅服务端
[2019-05-02 11:54:22]加载配置文件...
[2019-05-02 11:54:22]连接到数据库...
[2019-05-02 11:54:23]启用大厅服务器...
[2019-05-02 11:54:23]开始监听10199端口...
[2019-05-02 11:54:23]等待用户连接中...
[2019-05-02 11:54:23]等待用户连接中...
[2019-05-02 11:55:44]-------------!开始运行!--------------
[2019-05-02 11:55:44]凉糕对战平台（LGVS）服务端启动器
[2019-05-02 11:55:44]凉糕对战平台（LGVS）大厅服务端
[2019-05-02 11:55:44]加载配置文件...
[2019-05-02 11:55:44]连接到数据库...
[2019-05-02 11:55:45]启用大厅服务器...
[2019-05-02 11:55:45]开始监听10199端口...
[2019-05-02 11:55:45]等待用户连接中...
[2019-05-02 11:55:46]等待用户连接中...
[2019-05-02 11:56:40]等待用户连接中...
[2019-05-02 11:57:51]-------------!开始运行!--------------
[2019-05-02 11:57:51]凉糕对战平台（LGVS）服务端启动器
[2019-05-02 11:57:51]凉糕对战平台（LGVS）大厅服务端
[2019-05-02 11:57:51]加载配置文件...
[2019-05-02 11:57:51]连接到数据库...
[2019-05-02 11:57:52]启用大厅服务器...
[2019-05-02 11:57:52]开始监听10199端口...
[2019-05-02 11:57:52]等待用户连接中...
[2019-05-02 11:57:53]等待用户连接中...
[2019-05-02 11:58:11]-------------!开始运行!--------------
[2019-05-02 11:58:11]凉糕对战平台（LGVS）服务端启动器
[2019-05-02 11:58:11]凉糕对战平台（LGVS）大厅服务端
[2019-05-02 11:58:11]加载配置文件...
[2019-05-02 11:58:11]连接到数据库...
[2019-05-02 11:58:12]启用大厅服务器...
[2019-05-02 11:58:12]开始监听10199端口...
[2019-05-02 11:58:12]等待用户连接中...
[2019-05-02 11:58:13]等待用户连接中...
[2019-05-02 11:58:51]-------------!开始运行!--------------
[2019-05-02 11:58:51]凉糕对战平台（LGVS）服务端启动器
[2019-05-02 11:58:51]凉糕对战平台（LGVS）大厅服务端
[2019-05-02 11:58:51]加载配置文件...
[2019-05-02 11:58:51]连接到数据库...
[2019-05-02 11:58:52]启用大厅服务器...
[2019-05-02 11:58:52]开始监听10199端口...
[2019-05-02 11:58:52]等待用户连接中...
[2019-05-02 11:58:53]等待用户连接中...
[2019-05-02 11:59:43]-------------!开始运行!--------------
[2019-05-02 11:59:43]凉糕对战平台（LGVS）服务端启动器
[2019-05-02 11:59:43]凉糕对战平台（LGVS）大厅服务端
[2019-05-02 11:59:43]加载配置文件...
[2019-05-02 11:59:43]连接到数据库...
[2019-05-02 11:59:44]启用大厅服务器...
[2019-05-02 11:59:44]开始监听10199端口...
[2019-05-02 11:59:44]等待用户连接中...
[2019-05-02 11:59:45]等待用户连接中...
[2019-05-02 12:02:56]-------------!开始运行!--------------
[2019-05-02 12:02:56]凉糕对战平台（LGVS）服务端启动器
[2019-05-02 12:02:56]凉糕对战平台（LGVS）大厅服务端
[2019-05-02 12:02:56]加载配置文件...
[2019-05-02 12:02:56]连接到数据库...
[2019-05-02 12:02:57]启用大厅服务器...
[2019-05-02 12:02:57]开始监听10199端口...
[2019-05-02 12:02:57]等待用户连接中...
[2019-05-02 12:02:57]等待用户连接中...
[2019-05-02 12:06:39]-------------!开始运行!--------------
[2019-05-02 12:06:39]凉糕对战平台（LGVS）服务端启动器
[2019-05-02 12:06:39]凉糕对战平台（LGVS）大厅服务端
[2019-05-02 12:06:39]加载配置文件...
[2019-05-02 12:06:39]连接到数据库...
[2019-05-02 12:06:40]启用大厅服务器...
[2019-05-02 12:06:40]开始监听10199端口...
[2019-05-02 12:06:40]等待用户连接中...
[2019-05-02 12:06:42]等待用户连接中...
[2019-05-02 12:08:14]-------------!开始运行!--------------
[2019-05-02 12:08:14]凉糕对战平台（LGVS）服务端启动器
[2019-05-02 12:08:14]凉糕对战平台（LGVS）大厅服务端
[2019-05-02 12:08:14]加载配置文件...
[2019-05-02 12:08:14]连接到数据库...
[2019-05-02 12:08:15]启用大厅服务器...
[2019-05-02 12:08:15]开始监听10199端口...
[2019-05-02 12:08:15]等待用户连接中...
[2019-05-02 12:08:16]等待用户连接中...
[2019-05-02 12:08:32]-------------!开始运行!--------------
[2019-05-02 12:08:32]凉糕对战平台（LGVS）服务端启动器
[2019-05-02 12:08:32]凉糕对战平台（LGVS）大厅服务端
[2019-05-02 12:08:32]加载配置文件...
[2019-05-02 12:08:32]连接到数据库...
[2019-05-02 12:08:34]启用大厅服务器...
[2019-05-02 12:08:34]开始监听10199端口...
[2019-05-02 12:08:34]等待用户连接中...
[2019-05-02 12:08:35]等待用户连接中...
[2019-05-02 12:08:55]-------------!开始运行!--------------
[2019-05-02 12:08:55]凉糕对战平台（LGVS）服务端启动器
[2019-05-02 12:08:55]凉糕对战平台（LGVS）大厅服务端
[2019-05-02 12:08:55]加载配置文件...
[2019-05-02 12:08:55]连接到数据库...
[2019-05-02 12:08:57]启用大厅服务器...
[2019-05-02 12:08:57]开始监听10199端口...
[2019-05-02 12:08:57]等待用户连接中...
[2019-05-02 12:09:19]-------------!开始运行!--------------
[2019-05-02 12:09:19]凉糕对战平台（LGVS）服务端启动器
[2019-05-02 12:09:19]凉糕对战平台（LGVS）大厅服务端
[2019-05-02 12:09:19]加载配置文件...
[2019-05-02 12:09:19]连接到数据库...
[2019-05-02 12:09:20]启用大厅服务器...
[2019-05-02 12:09:20]开始监听10199端口...
[2019-05-02 12:09:20]等待用户连接中...
[2019-05-02 12:09:27]等待用户连接中...
[2019-05-02 12:47:23]-------------!开始运行!--------------
[2019-05-02 12:47:23]凉糕对战平台（LGVS）服务端启动器
[2019-05-02 12:47:23]凉糕对战平台（LGVS）大厅服务端
[2019-05-02 12:47:23]加载配置文件...
[2019-05-02 12:47:23]连接到数据库...
[2019-05-02 12:47:25]启用大厅服务器...
[2019-05-02 12:47:25]开始监听10199端口...
[2019-05-02 12:47:25]等待用户连接中...
[2019-05-02 12:47:25]等待用户连接中...
[2019-05-02 12:47:42]-------------!开始运行!--------------
[2019-05-02 12:47:42]凉糕对战平台（LGVS）服务端启动器
[2019-05-02 12:47:42]凉糕对战平台（LGVS）大厅服务端
[2019-05-02 12:47:42]加载配置文件...
[2019-05-02 12:47:42]连接到数据库...
[2019-05-02 12:47:52]启用大厅服务器...
[2019-05-02 12:47:52]开始监听10199端口...
[2019-05-02 12:47:52]等待用户连接中...
[2019-05-02 12:47:53]等待用户连接中...
[2019-05-02 12:48:27]-------------!开始运行!--------------
[2019-05-02 12:48:27]凉糕对战平台（LGVS）服务端启动器
[2019-05-02 12:48:27]凉糕对战平台（LGVS）大厅服务端
[2019-05-02 12:48:27]加载配置文件...
[2019-05-02 12:48:27]连接到数据库...
[2019-05-02 12:48:33]启用大厅服务器...
[2019-05-02 12:48:33]开始监听10199端口...
[2019-05-02 12:48:33]等待用户连接中...
[2019-05-02 12:48:36]等待用户连接中...
[2019-05-02 12:49:25]等待用户连接中...
[2019-05-02 12:49:27]等待用户连接中...
[2019-05-02 12:49:41]等待用户连接中...
